<!DOCTYPE html>
<html>
	<head>
        <meta http-equiv="content-type" content="text/html; charset=UTF-8" />
		<title>Unnamed project Test Execution Report</title>
        <script type="text/javascript" src="http://code.jquery.com/jquery-1.6.2.min.js"></script>
        <script type="text/javascript">
            /**
            * jQuery.fn.sortElements
            * --------------
            * #author James Padolsey (http://james.padolsey.com)
            * #version 0.11
            * #updated 18-MAR-2010
            * #url https://raw.github.com/jamespadolsey/jQuery-Plugins/master/sortElements/jquery.sortElements.js
            * --------------
            * #param Function comparator:
            *   Exactly the same behaviour as [1,2,3].sort(comparator)
            *   
            * #param Function getSortable
            *   A function that should return the element that is
            *   to be sorted. The comparator will run on the
            *   current collection, but you may want the actual
            *   resulting sort to occur on a parent or another
            *   associated element.
            *   
            *   E.g. $('td').sortElements(comparator, function(){
            *      return this.parentNode; 
            *   })
            *   
            *   The <td>'s parent (<tr>) will be sorted instead
            *   of the <td> itself.
            */
            jQuery.fn.sortElements = (function () {

                var sort = [].sort;

                return function (comparator, getSortable) {

                    getSortable = getSortable || function () { return this; };

                    var placements = this.map(function () {

                        var sortElement = getSortable.call(this),
                parentNode = sortElement.parentNode,

                        // Since the element itself will change position, we have
                        // to have some way of storing it's original position in
                        // the DOM. The easiest way is to have a 'flag' node:
                nextSibling = parentNode.insertBefore(
                    document.createTextNode(''),
                    sortElement.nextSibling
                );

                        return function () {

                            if (parentNode === this) {
                                throw new Error(
                        "You can't sort elements if any one is a descendant of another."
                    );
                            }

                            // Insert before flag:
                            parentNode.insertBefore(this, nextSibling);
                            // Remove flag:
                            parentNode.removeChild(nextSibling);

                        };

                    });

                    return sort.call(this, comparator).each(function (i) {
                        placements[i].call(getSortable.call(this));
                    });

                };

            })();
        </script>
        <script type="text/javascript">
            jQuery.fn.setBarSizes = (function () {
                return function (metricName, maxBarSize, min) {
                    var max = Math.max.apply(Math, $.makeArray($(this).map(function () { return Number($(this).attr('data-sr-' + metricName)); })));
                    var scale = 1.0;
                    while (max > 0.0 && max <= 10.0) {
                        scale = scale * 10.0;
                        max = max * 10.0;
                    }
                    max = (Math.ceil(max / 2) * 2) / scale;

                    this.each(function () {
                        var barAnchor = $(this).find('a');
                        var actual = $(this).attr('data-sr-' + metricName);
                        var newHeight = Math.max(Math.round(maxBarSize * (actual - min) / (max - min)), 2);
                        barAnchor.css({ height: newHeight });
                    });

                    var unit = "";
                    if (metricName.substr(metricName.length - 4, 4) === "time")
                        unit = "s";

                    $('#testview .scale-min-label').each(function () {
                        $(this).text(min.toString() + unit);
                    });
                    $('#testview .scale-max-label').each(function () {
                        $(this).text(max.toString() + unit);
                    });
                    var mid = max / 2;
                    $('#testview .scale-mid-label').each(function () {
                        $(this).text(mid.toString() + unit);
                    });
                };
            })();

            function getComparer(metricName, isDesc) {
                return function (a, b) {
                    var aNumber = Number($(a).attr('data-sr-' + metricName));
                    var bNumber = Number($(b).attr('data-sr-' + metricName));
                    var result = aNumber > bNumber ? 1 : (aNumber < bNumber ? -1 : 0);
                    if (isDesc)
                        result = -1 * result;

                    if (result == 0 && metricName != "order")
                        result = getComparer("order", false)(a, b);

                    return result;
                };
            }

            var currentSort = "";
            function doSort(allowToggleDesc) {
                var newSort = $("input[name='barSortOrder']:checked").val();
                if (allowToggleDesc && currentSort == newSort) {
                    $('#barSortDesc').click();
                    doSort(false);
                    return;
                }
                currentSort = newSort;
                $('#testview td.testview-item').sortElements(getComparer(newSort, $('#barSortDesc').is(':checked')));
            }


            function doSetHeights(allowSort) {
                var selectedMetric = $("input[name='barHeight']:checked").val();
                $('#testview td.testview-item').setBarSizes(selectedMetric, 60, 0.0);

                if (allowSort && currentSort != selectedMetric) {
                    var $radios = $("input[name='barSortOrder']");
                    $radios.filter('[value=' + selectedMetric + ']').attr('checked', true);
                    $("#barSortDesc").attr("checked", [true]);
                    doSort(false);
                }
            }

            $(document).ready(function () {
                $("input[name='barSortOrder']").click(function () { doSort(true); return true; });
                $("input[name='barSortDesc']").change(function () { doSort(false); });
                $("input[name='barHeight']").change(function () { doSetHeights(true); });

                doSort(false);
                doSetHeights(false);

                $("div.scrollable").css({ 'overflow': 'auto' });
            });
        </script>

        <style type="text/css">
            body 
            {
                color: #000000;
                font-family: Arial,Liberation Sans,DejaVu Sans,sans-serif;
                line-height: 130%;
            }
            h1 {
                font-family: Trebuchet MS,Liberation Sans,DejaVu Sans,sans-serif;
                font-size: 170%;
                font-weight: bold;
            }            
            h2 {
                font-family: Trebuchet MS,Liberation Sans,DejaVu Sans,sans-serif;
                font-size: 130%;
                font-weight: bold;
                margin-bottom: 5px;
            }            
            h3 {
                font-family: Trebuchet MS,Liberation Sans,DejaVu Sans,sans-serif;
                font-size: 120%;
                font-weight: bold;
                margin-bottom: 5px;
            }            
            a.bar
            {
                text-decoration: none;
                display: block;
                line-height: 1px;
            }
            .description
            {
                font-style: italic;
            }
            .log 
            {
                width: 600px;
                white-space: pre-wrap;
                display: block;
                margin: 0px;
            }
            .errorMessage 
            {
                width: 600px;
                color: Red;
                font-weight: bold;
            }
            .stackTrace 
            {
                width: 600px;
                white-space: pre-wrap;
                font-style: italic;
                color: Red;
                display: block;
            }
            table.testEvents
            {
                border: solid 1px #e8eef4;
                border-collapse: collapse;
            }
            table.testEvents td
            {
                vertical-align: top;
                padding: 5px;
                border: solid 1px #e8eef4;
            }
            table.testEvents th
            {
                padding: 6px 5px;
                text-align: left;
                background-color: #e8eef4;
                border: solid 1px #e8eef4;                
            }
            .comment
            {
                font-style: italic;
                font-size: smaller;
            }
            .startupBar
            {
                background-color: #EEEEEE;
                cursor: default;
            }
            
            .colorSucceeded
            {
                background-color: #90ED7B;
            }
            .colorIgnored
            {
                background-color: #FFFF85;
            }
            .colorPending
            {
                background-color: #D47BED;
            }
            .colorNothingToRun
            {
                background-color: #CCCCFF;
            }
            .colorSkipped
            {
                background-color: #CCCCFF;
            }
            .colorInconclusive
            {
                background-color: #7BEDED;
            }
            .colorCleanupFailed
            {
                background-color: #FFCCCC;
            }
            .colorRandomlyFailed
            {
                background-color: #EDB07B;
            }
            .colorFailed
            {
                background-color: #ED5F5F;
            }
            .colorInitializationFailed
            {
                background-color: #FF0000;
            }
            .colorFrameworkError
            {
                background-color: #FF0000;
            }
            ul.subNodeLinks
            {
                padding-left: 20px;
                margin: 0px;
            }
            ul.subNodeLinks li
            {
                list-style: none;
            }
            
            /* views general */
            div.scrollable
            {
                /*overflow: auto; - thsi has to be set from js, because of an IE9 bug */
            }
            div.viewbox
            {
                position: relative;
                border: 3px solid #e8eef4;
            }
            div.viewbox table
            {
                border: 0px;
            }
                        
            /* testview */
            #testview
            {
                padding-top: 23px;
            }
            
            table.testview-items td
            {
                vertical-align: bottom;
                padding: 0px 1px 0px 1px;
            }
            td.right-padding, td.left-padding
            {
                width: 25px;
                min-width: 25px;
            }
            table.testview-items a.bar
            {
                width: 5px;
            }
            table.testview-items tr.testview-items-row
            {
                height: 60px;
            }
            
            /* scale */
            table.vertical-scale 
            {
                position: absolute;
                top: 23px;
                left: 0px;
                width: 100%;
                z-index: -100;
            }
            table.vertical-scale td, tr.horizontal-scale td
            {
                font-size: 60%;
                line-height: normal;
            }
            table.vertical-scale tr.scale-max, table.vertical-scale tr.scale-mid 
            {
                height: 30px;
            }
            tr.horizontal-scale, table.vertical-scale tr.scale-min 
            {
                height: 12px;
            }
            
            td.scale-max-label, td.scale-mid-label, td.scale-min-label
            {
                border-top: solid 1px #E6E6E6;
                text-align: left;
                vertical-align: top;
            }
            td.scale-10-label
            {
                border-left: solid 1px #E6E6E6;
                text-align: left;
                vertical-align: bottom;
                padding-left: 1px;
            }
            tr.scale-mid td, tr.scale-min td, tr.scale-max td
            {
                border-top: solid 1px #E6E6E6;
            }
           
            
            /* bar-control */
            #bar-control
            {
                font-size: 60%;
                line-height: normal;
                position: absolute;
                right: 0px;
                top: 0px;
            }
            #bar-control label
            {
                font-weight: bold;
                vertical-align: middle;
            }
            #bar-control .option
            {
                vertical-align: middle;
                text-transform: lowercase;
            }
            #bar-control input[type="checkbox"]
            {
                padding: 0 2px 0 3px;
            }
            #bar-control input
            {
                vertical-align: top;
                height: 12px;
                margin: 0px;
                padding: 0px;
            }
            #bar-control div
            {
                float: right;
                margin: 3px 5px 3px 5px;
            }

            /* timeline view */
            #timelineview
            {
                padding-top: 5px;
            }
            table.timelineview a
            {
                height: 20px;
            }
            table.timelineview td
            {
                vertical-align: bottom;
                padding: 0px 1px 0px 0px;
                border: 0px;
            }
            tr.thread-items-row
            {
                height: 25px;
            }
            tr.thread-items-row td
            {
                vertical-align: bottom;
            }
            td.thread-label
            {
                padding: 0px 6px 0px 6px;
                text-align: right;
                line-height: 18px;
                vertical-align: bottom;
            }
            th.thread-label
            {
                padding: 3px 6px 0px 6px;
                line-height: 18px;
                text-align: left;
                vertical-align: bottom;
            }
        </style>
	</head>
	<body>
        <h1>Unnamed project Test Execution Report</h1>
        
    <ul>
        <li>Project: Unnamed project</li>
        <li>Configuration: </li>
        <li>Test Assemblies: C:\Users\akshaygupta\source\repos\RestSharpAndExpedia\Assignmnet\bin\Debug\Assignmnet.dll</li>
        <li>Start Time: 13-06-2019 17:06:05</li>
        <li>Duration: 00:03:54.4034341</li>
        <li>Test Threads: 1</li>
    </ul>


        <h2>Result: 3 failed</h2>
        <table class="testEvents">
                <tr>
        <th colspan="2">Success rate</th>
        <th>Tests</th>
        <th>Succeeded</th>
        <th>Failed</th>
        <th>Pending</th>
        <th>Ignored</th>
        <th>Skipped</th>
    </tr>

                <td>
            60%
    </td>
    <td>
            <table class="timelineview" cellpadding="0" cellspacing="0">
        <tr>
    <td>
        <a class="bar colorSucceeded" 
           style="width: 108px;" 
           title="6 succeeded" 
                   ></a>
    </td>
    <td>
        <a class="bar colorFailed" 
           style="width: 54px;" 
           title="3 failed" 
                          href="#error_summary"
        ></a>
    </td>
    <td>
        <a class="bar colorSkipped" 
           style="width: 17px;" 
           title="1 skipped" 
                   ></a>
    </td>
    <td>
        <a class="bar colorPending" 
           style="width: 17px;" 
           title="1 pending" 
                   ></a>
    </td>
        </tr>
    </table>

    </td>
    <td>11 (test executions: 15)</td>
    <td>6</td>
    <td>3</td>
    <td>1</td>
    <td>0</td>
    <td>1</td>

        </table>
        
        <h2>Test Timeline Summary</h2>

        <div id="timelineview" class="viewbox">
            <div class="scrollable">
                <table cellpadding="0" cellspacing="0">
                    <tr>
                        <th class="thread-label" colspan="2">thread</th>
                    </tr>
                        <tr class="thread-items-row">
                            <td class="thread-label" title="Machine: AKSHAY3150490">#0</td>
                            <td colspan="2">
                                <table class="timelineview" cellpadding="0" cellspacing="0">
                                    <tr>

                                            <td>
        <a
            class="bar startupBar" 
            style="width: 3px;" 
                title="test thread startup" 
        >&nbsp;</a>
    </td>

    <td>
        <a
            class="bar colorFailed" 
            style="width: 3px;" 
                title="Sign in with password and empty email (in Check the Login functionality of AutomationPractice.com)" 
                href="#t1395759586.0"
        >&nbsp;</a>
    </td>
    <td>
        <a
            class="bar colorFailed" 
            style="width: 29px;" 
                title="Sign in with password and empty email (in Check the Login functionality of AutomationPractice.com) retry #1" 
                href="#t1395759586.1"
        >&nbsp;</a>
    </td>
    <td>
        <a
            class="bar colorFailed" 
            style="width: 6px;" 
                title="Sign in with password and empty email (in Check the Login functionality of AutomationPractice.com) retry #2" 
                href="#t1395759586.2"
        >&nbsp;</a>
    </td>
    <td>
        <a
            class="bar colorFailed" 
            style="width: 7px;" 
                title="Sign in with email and empty password (in Check the Login functionality of AutomationPractice.com)" 
                href="#t-216810678.0"
        >&nbsp;</a>
    </td>
    <td>
        <a
            class="bar colorFailed" 
            style="width: 5px;" 
                title="Sign in with email and empty password (in Check the Login functionality of AutomationPractice.com) retry #1" 
                href="#t-216810678.1"
        >&nbsp;</a>
    </td>
    <td>
        <a
            class="bar colorFailed" 
            style="width: 7px;" 
                title="Sign in with email and empty password (in Check the Login functionality of AutomationPractice.com) retry #2" 
                href="#t-216810678.2"
        >&nbsp;</a>
    </td>
    <td>
        <a
            class="bar colorSucceeded" 
            style="width: 11px;" 
                title="Sign in with incorrect credentials (in Check the Login functionality of AutomationPractice.com)" 
                href="#t1591501074.0"
        >&nbsp;</a>
    </td>
    <td>
        <a
            class="bar colorSucceeded" 
            style="width: 6px;" 
                title="Sign in with no credentials (in Check the Login functionality of AutomationPractice.com)" 
                href="#t1345754734.0"
        >&nbsp;</a>
    </td>
    <td>
        <a
            class="bar colorSucceeded" 
            style="width: 3px;" 
                title="fChecking Response through restapi (in Checking Api Response)" 
                href="#t897757909.0"
        >&nbsp;</a>
    </td>
    <td>
        <a
            class="bar colorPending" 
            style="width: 3px;" 
                title="gChecking the regestration (in UnSucessfull Regestration)" 
                href="#t-1736554900.0"
        >&nbsp;</a>
    </td>
    <td>
        <a
            class="bar colorSucceeded" 
            style="width: 3px;" 
                title="aOpen browser and website (in Checking the functionality of flight booking at Expedia.com)" 
                href="#t1434168891.0"
        >&nbsp;</a>
    </td>
    <td>
        <a
            class="bar colorSucceeded" 
            style="width: 3px;" 
                title="bMulticity Round trip (in Checking the functionality of flight booking at Expedia.com)" 
                href="#t-338480829.0"
        >&nbsp;</a>
    </td>
    <td>
        <a
            class="bar colorSucceeded" 
            style="width: 3px;" 
                title="cSearching the flights for trip (in Checking the functionality of flight booking at Expedia.com)" 
                href="#t-880760423.0"
        >&nbsp;</a>
    </td>
    <td>
        <a
            class="bar colorFailed" 
            style="width: 3px;" 
                title="dTrip Summary (in Checking the functionality of flight booking at Expedia.com)" 
                href="#t-1118640963.0"
        >&nbsp;</a>
    </td>
                                    </tr>
                                </table>
                            </td>
                        </tr>
                    <tr class="horizontal-scale">
                        <td>&nbsp;</td>
                            <td class="scale-10-label" style="width: 70px;min-width: 70px;">0s</td>
                        <td class="scale-10-label">156s</td>
                    </tr>
                </table>
            </div>
        </div>

        
    <h2>Test Result View</h2>
    <div id="testview" class="viewbox">
        <div id="bar-control">
            <div id="bar-control-sort">
                <label>sort by:</label>
                <span class="option"><input type="radio" name="barSortOrder" value="exectime" />Time</span>
                <span class="option"><input type="radio" name="barSortOrder" value="acttime" />Act Time</span>
                <span class="option"><input type="radio" name="barSortOrder" value="order" />Execution</span>
                <span class="option"><input type="radio" name="barSortOrder" value="rescode" checked="checked" />Result</span>
                <span class="option"><input type="checkbox" name="barSortDesc" id="barSortDesc" checked="checked" />desc</span>
            </div>
            <div id="bar-control-heights">
                <label>heights:</label>
                <span class="option"><input type="radio" checked="checked" name="barHeight" value="exectime" />Time</span>
                <span class="option"><input type="radio" name="barHeight" value="acttime" />Act Time</span>
            </div>
        </div>
        <table class="vertical-scale" cellpadding="0" cellspacing="0">
            <tr class="scale-max">
                <td class="left-padding scale-max-label">&nbsp;</td>
                <td colspan="15">&nbsp;</td>
                <td class="right-padding">&nbsp;</td>
            </tr>
            <tr class="scale-mid">
                <td class="left-padding scale-mid-label">&nbsp;</td>
                <td colspan="15">&nbsp;</td>
                <td class="right-padding">&nbsp;</td>
            </tr>
            <tr class="scale-min">
                <td class="left-padding scale-min-label">&nbsp;</td>
                <td colspan="15">&nbsp;</td>
                <td class="right-padding">&nbsp;</td>
            </tr>
        </table>
        <div class="scrollable">
            <table class="testview-items" cellpadding="0" cellspacing="0">
                <tr class="testview-items-row">
                    <td class="left-padding">&nbsp;</td>
    <td class="testview-item" 
        data-sr-exectime="26.6628738" data-sr-rescode="110" data-sr-order="6" data-sr-acttime="4.498">
        <a
            class="bar colorSucceeded" 
            style="height: 24px;"
            title="Sign in with incorrect credentials (in Check the Login functionality of AutomationPractice.com)"
            href="#t1591501074.0">&nbsp;</a>
    </td>
    <td class="testview-item" 
        data-sr-exectime="16.3837527" data-sr-rescode="110" data-sr-order="7" data-sr-acttime="2.014">
        <a
            class="bar colorSucceeded" 
            style="height: 15px;"
            title="Sign in with no credentials (in Check the Login functionality of AutomationPractice.com)"
            href="#t1345754734.0">&nbsp;</a>
    </td>
    <td class="testview-item" 
        data-sr-exectime="2.0575585" data-sr-rescode="110" data-sr-order="8" data-sr-acttime="1.993">
        <a
            class="bar colorSucceeded" 
            style="height: 2px;"
            title="fChecking Response through restapi (in Checking Api Response)"
            href="#t897757909.0">&nbsp;</a>
    </td>
    <td class="testview-item" 
        data-sr-exectime="15.9692533" data-sr-rescode="110" data-sr-order="10" data-sr-acttime="0.0">
        <a
            class="bar colorSucceeded" 
            style="height: 14px;"
            title="aOpen browser and website (in Checking the functionality of flight booking at Expedia.com)"
            href="#t1434168891.0">&nbsp;</a>
    </td>
    <td class="testview-item" 
        data-sr-exectime="9.0777485" data-sr-rescode="110" data-sr-order="11" data-sr-acttime="0.0">
        <a
            class="bar colorSucceeded" 
            style="height: 8px;"
            title="bMulticity Round trip (in Checking the functionality of flight booking at Expedia.com)"
            href="#t-338480829.0">&nbsp;</a>
    </td>
    <td class="testview-item" 
        data-sr-exectime="9.8876079" data-sr-rescode="110" data-sr-order="12" data-sr-acttime="0.0">
        <a
            class="bar colorSucceeded" 
            style="height: 9px;"
            title="cSearching the flights for trip (in Checking the functionality of flight booking at Expedia.com)"
            href="#t-880760423.0">&nbsp;</a>
    </td>
    <td class="testview-item" 
        data-sr-exectime="0.4368881" data-sr-rescode="310" data-sr-order="9" data-sr-acttime="0.382">
        <a
            class="bar colorPending" 
            style="height: 2px;"
            title="gChecking the regestration (in UnSucessfull Regestration)"
            href="#t-1736554900.0">&nbsp;</a>
    </td>
    <td class="testview-item" 
        data-sr-exectime="0" data-sr-rescode="420" data-sr-order="14" data-sr-acttime="0.0">
        <a
            class="bar colorSkipped" 
            style="height: 2px;"
            title="eClosing the Browser (in Checking the functionality of flight booking at Expedia.com)"
            href="#t119241433.0">&nbsp;</a>
    </td>
    <td class="testview-item" 
        data-sr-exectime="18.1337477" data-sr-rescode="540" data-sr-order="0" data-sr-acttime="5.104">
        <a
            class="bar colorFailed" 
            style="height: 16px;"
            title="Sign in with password and empty email (in Check the Login functionality of AutomationPractice.com)"
            href="#t1395759586.0">&nbsp;</a>
    </td>
    <td class="testview-item" 
        data-sr-exectime="66.6009489" data-sr-rescode="540" data-sr-order="1" data-sr-acttime="5.044">
        <a
            class="bar colorFailed" 
            style="height: 60px;"
            title="Sign in with password and empty email (in Check the Login functionality of AutomationPractice.com) retry #1"
            href="#t1395759586.1">&nbsp;</a>
    </td>
    <td class="testview-item" 
        data-sr-exectime="16.3732721" data-sr-rescode="540" data-sr-order="2" data-sr-acttime="5.042">
        <a
            class="bar colorFailed" 
            style="height: 15px;"
            title="Sign in with password and empty email (in Check the Login functionality of AutomationPractice.com) retry #2"
            href="#t1395759586.2">&nbsp;</a>
    </td>
    <td class="testview-item" 
        data-sr-exectime="16.0597578" data-sr-rescode="540" data-sr-order="3" data-sr-acttime="5.032">
        <a
            class="bar colorFailed" 
            style="height: 14px;"
            title="Sign in with email and empty password (in Check the Login functionality of AutomationPractice.com)"
            href="#t-216810678.0">&nbsp;</a>
    </td>
    <td class="testview-item" 
        data-sr-exectime="15.3933443" data-sr-rescode="540" data-sr-order="4" data-sr-acttime="5.028">
        <a
            class="bar colorFailed" 
            style="height: 14px;"
            title="Sign in with email and empty password (in Check the Login functionality of AutomationPractice.com) retry #1"
            href="#t-216810678.1">&nbsp;</a>
    </td>
    <td class="testview-item" 
        data-sr-exectime="15.96482" data-sr-rescode="540" data-sr-order="5" data-sr-acttime="5.059">
        <a
            class="bar colorFailed" 
            style="height: 14px;"
            title="Sign in with email and empty password (in Check the Login functionality of AutomationPractice.com) retry #2"
            href="#t-216810678.2">&nbsp;</a>
    </td>
    <td class="testview-item" 
        data-sr-exectime="5.0412078" data-sr-rescode="540" data-sr-order="13" data-sr-acttime="0.002">
        <a
            class="bar colorFailed" 
            style="height: 5px;"
            title="dTrip Summary (in Checking the functionality of flight booking at Expedia.com)"
            href="#t-1118640963.0">&nbsp;</a>
    </td>
                    <td class="right-padding">&nbsp;</td>
                </tr>
                <tr class="horizontal-scale">
                    <td class="left-padding">&nbsp;</td>
                    <td colspan="10">&nbsp;</td>
                </tr>
            </table>
        </div>
    </div>

        
        
    <h2>Feature Summary</h2>
    <table class="testEvents">
            <tr>
            <th>Feature</th>
        <th colspan="2">Success rate</th>
        <th>Tests</th>
        <th>Succeeded</th>
        <th>Failed</th>
        <th>Pending</th>
        <th>Ignored</th>
        <th>Skipped</th>
            <th>Duration</th>
    </tr>


            <tr>
                <td><a href="#f1034050621">Check the Login functionality of AutomationPractice.com</a></td>
                    <td>
            25%
    </td>
    <td>
            <table class="timelineview" cellpadding="0" cellspacing="0">
        <tr>
    <td>
        <a class="bar colorSucceeded" 
           style="width: 99px;" 
           title="2 succeeded" 
                   ></a>
    </td>
    <td>
        <a class="bar colorFailed" 
           style="width: 299px;" 
           title="2 failed" 
                          href="#error_summary"
        ></a>
    </td>
        </tr>
    </table>

    </td>
    <td>4 (test executions: 8)</td>
    <td>2</td>
    <td>6</td>
    <td>0</td>
    <td>0</td>
    <td>0</td>
        <td>00:03:11.5725173</td>

            </tr>
            <tr>
                <td><a href="#f-830430663">Checking Api Response</a></td>
                    <td>
            100%
    </td>
    <td>
            <table class="timelineview" cellpadding="0" cellspacing="0">
        <tr>
    <td>
        <a class="bar colorSucceeded" 
           style="width: 199px;" 
           title="1 succeeded" 
                   ></a>
    </td>
        </tr>
    </table>

    </td>
    <td>1</td>
    <td>1</td>
    <td>0</td>
    <td>0</td>
    <td>0</td>
    <td>0</td>
        <td>00:00:02.0575585</td>

            </tr>
            <tr>
                <td><a href="#f1649525762">Checking the functionality of flight booking at Expedia.com</a></td>
                    <td>
            75%
    </td>
    <td>
            <table class="timelineview" cellpadding="0" cellspacing="0">
        <tr>
    <td>
        <a class="bar colorSucceeded" 
           style="width: 119px;" 
           title="3 succeeded" 
                   ></a>
    </td>
    <td>
        <a class="bar colorFailed" 
           style="width: 39px;" 
           title="1 failed" 
                          href="#error_summary"
        ></a>
    </td>
    <td>
        <a class="bar colorSkipped" 
           style="width: 39px;" 
           title="1 skipped" 
                   ></a>
    </td>
        </tr>
    </table>

    </td>
    <td>5</td>
    <td>3</td>
    <td>1</td>
    <td>0</td>
    <td>0</td>
    <td>1</td>
        <td>00:00:39.9758175</td>

            </tr>
            <tr>
                <td><a href="#f201221449">UnSucessfull Regestration</a></td>
                    <td>
            0%
    </td>
    <td>
            <table class="timelineview" cellpadding="0" cellspacing="0">
        <tr>
    <td>
        <a class="bar colorPending" 
           style="width: 199px;" 
           title="1 pending" 
                   ></a>
    </td>
        </tr>
    </table>

    </td>
    <td>1</td>
    <td>0</td>
    <td>0</td>
    <td>1</td>
    <td>0</td>
    <td>0</td>
        <td>00:00:00.4368881</td>

            </tr>
    </table>


        <a name="error_summary" />
        <h2>Error Summary</h2>
        <table class="testEvents">
                <tr>
            <th>Test</th>
        <th colspan="2">Success rate</th>
        <th>Tests</th>
        <th>Succeeded</th>
        <th>Failed</th>
        <th>Pending</th>
        <th>Ignored</th>
        <th>Skipped</th>
    </tr>

                <tr>
                    <td>
                        <a href="#t1395759586.0">Sign in with password and empty email (in Assignmnet, Check the Login functionality of AutomationPractice.com)</a>
                            <a href="#t1395759586.1">retry #1</a>
                            <a href="#t1395759586.2">retry #2</a>
                    </td>
                        <td>
            0%
    </td>
    <td>
            <table class="timelineview" cellpadding="0" cellspacing="0">
        <tr>
    <td>
        <a class="bar colorFailed" 
           style="width: 599px;" 
           title="1 failed" 
                          href="#error_summary"
        ></a>
    </td>
        </tr>
    </table>

    </td>
    <td>1 (test executions: 3)</td>
    <td>0</td>
    <td>3</td>
    <td>0</td>
    <td>0</td>
    <td>0</td>

                </tr>
                <tr>
                    <td colspan="9" style="padding-left: 20px;"><div class="errorMessage">Error: no such element: Unable to locate element: {&quot;method&quot;:&quot;xpath&quot;,&quot;selector&quot;:&quot;//input[@id=&#39;email&#39;]&quot;}
  (Session info: chrome=75.0.3770.80)
  (Driver info: chromedriver=74.0.3729.6 (255758eccf3d244491b8a1317aa76e1ce10d57e9-refs/branch-heads/3729@{#29}),platform=Windows NT 10.0.17763 x86_64)</div></td>
                </tr>
                <tr>
                    <td>
                        <a href="#t-216810678.0">Sign in with email and empty password (in Assignmnet, Check the Login functionality of AutomationPractice.com)</a>
                            <a href="#t-216810678.1">retry #1</a>
                            <a href="#t-216810678.2">retry #2</a>
                    </td>
                        <td>
            0%
    </td>
    <td>
            <table class="timelineview" cellpadding="0" cellspacing="0">
        <tr>
    <td>
        <a class="bar colorFailed" 
           style="width: 599px;" 
           title="1 failed" 
                          href="#error_summary"
        ></a>
    </td>
        </tr>
    </table>

    </td>
    <td>1 (test executions: 3)</td>
    <td>0</td>
    <td>3</td>
    <td>0</td>
    <td>0</td>
    <td>0</td>

                </tr>
                <tr>
                    <td colspan="9" style="padding-left: 20px;"><div class="errorMessage">Error: no such element: Unable to locate element: {&quot;method&quot;:&quot;xpath&quot;,&quot;selector&quot;:&quot;//input[@id=&#39;email&#39;]&quot;}
  (Session info: chrome=75.0.3770.80)
  (Driver info: chromedriver=74.0.3729.6 (255758eccf3d244491b8a1317aa76e1ce10d57e9-refs/branch-heads/3729@{#29}),platform=Windows NT 10.0.17763 x86_64)</div></td>
                </tr>
                <tr>
                    <td>
                        <a href="#t-1118640963.0">dTrip Summary (in Assignmnet, Checking the functionality of flight booking at Expedia.com)</a>
                    </td>
                        <td>
            0%
    </td>
    <td>
            <table class="timelineview" cellpadding="0" cellspacing="0">
        <tr>
    <td>
        <a class="bar colorFailed" 
           style="width: 199px;" 
           title="1 failed" 
                          href="#error_summary"
        ></a>
    </td>
        </tr>
    </table>

    </td>
    <td>1</td>
    <td>0</td>
    <td>1</td>
    <td>0</td>
    <td>0</td>
    <td>0</td>

                </tr>
                <tr>
                    <td colspan="9" style="padding-left: 20px;"><div class="errorMessage">Error: no such element: Unable to locate element: {&quot;method&quot;:&quot;xpath&quot;,&quot;selector&quot;:&quot;/html[1]/body[1]/div[2]/div[7]/section[1]/div[1]/div[10]/ul[1]/li[1]/div[1]/div[1]/div[2]/div[1]/div[1]/div[1]/span[1]&quot;}
  (Session info: chrome=75.0.3770.80)
  (Driver info: chromedriver=74.0.3729.6 (255758eccf3d244491b8a1317aa76e1ce10d57e9-refs/branch-heads/3729@{#29}),platform=Windows NT 10.0.17763 x86_64)</div></td>
                </tr>
        </table>

        <h2>Scenario Summary</h2>
            <a name="f1034050621" />
            <h3>Feature: Check the Login functionality of AutomationPractice.com</h3>
                <div class="description"><pre>	WE have to check the for each and every case of login</pre>
                </div>
            <table class="testEvents">
                    <tr>
            <th>Test</th>
        <th colspan="2">Success rate</th>
        <th>Tests</th>
        <th>Succeeded</th>
        <th>Failed</th>
        <th>Pending</th>
        <th>Ignored</th>
        <th>Skipped</th>
            <th>Duration</th>
    </tr>

                    <tr>
                        <td>
                                    <a href="#t1395759586.0">Scenario: Sign in with password and empty email</a>
            <a href="#t1395759586.1">retry #1</a>
            <a href="#t1395759586.2">retry #2</a>

                        </td>
                        
                            <td>
            0%
    </td>
    <td>
            <table class="timelineview" cellpadding="0" cellspacing="0">
        <tr>
    <td>
        <a class="bar colorFailed" 
           style="width: 599px;" 
           title="1 failed" 
                          href="#error_summary"
        ></a>
    </td>
        </tr>
    </table>

    </td>
    <td>1 (test executions: 3)</td>
    <td>0</td>
    <td>3</td>
    <td>0</td>
    <td>0</td>
    <td>0</td>
        <td>00:01:41.1079687</td>

                        
                    </tr>
                    <tr>
                        <td>
                                    <a href="#t-216810678.0">Scenario: Sign in with email and empty password</a>
            <a href="#t-216810678.1">retry #1</a>
            <a href="#t-216810678.2">retry #2</a>

                        </td>
                        
                            <td>
            0%
    </td>
    <td>
            <table class="timelineview" cellpadding="0" cellspacing="0">
        <tr>
    <td>
        <a class="bar colorFailed" 
           style="width: 599px;" 
           title="1 failed" 
                          href="#error_summary"
        ></a>
    </td>
        </tr>
    </table>

    </td>
    <td>1 (test executions: 3)</td>
    <td>0</td>
    <td>3</td>
    <td>0</td>
    <td>0</td>
    <td>0</td>
        <td>00:00:47.4179221</td>

                        
                    </tr>
                    <tr>
                        <td>
                                    <a href="#t1591501074.0">Scenario: Sign in with incorrect credentials</a>

                        </td>
                        
                            <td>
            100%
    </td>
    <td>
            <table class="timelineview" cellpadding="0" cellspacing="0">
        <tr>
    <td>
        <a class="bar colorSucceeded" 
           style="width: 199px;" 
           title="1 succeeded" 
                   ></a>
    </td>
        </tr>
    </table>

    </td>
    <td>1</td>
    <td>1</td>
    <td>0</td>
    <td>0</td>
    <td>0</td>
    <td>0</td>
        <td>00:00:26.6628738</td>

                        
                    </tr>
                    <tr>
                        <td>
                                    <a href="#t1345754734.0">Scenario: Sign in with no credentials</a>

                        </td>
                        
                            <td>
            100%
    </td>
    <td>
            <table class="timelineview" cellpadding="0" cellspacing="0">
        <tr>
    <td>
        <a class="bar colorSucceeded" 
           style="width: 199px;" 
           title="1 succeeded" 
                   ></a>
    </td>
        </tr>
    </table>

    </td>
    <td>1</td>
    <td>1</td>
    <td>0</td>
    <td>0</td>
    <td>0</td>
    <td>0</td>
        <td>00:00:16.3837527</td>

                        
                    </tr>
            </table>
            <a name="f-830430663" />
            <h3>Feature: Checking Api Response</h3>
            <table class="testEvents">
                    <tr>
            <th>Test</th>
        <th colspan="2">Success rate</th>
        <th>Tests</th>
        <th>Succeeded</th>
        <th>Failed</th>
        <th>Pending</th>
        <th>Ignored</th>
        <th>Skipped</th>
            <th>Duration</th>
    </tr>

                    <tr>
                        <td>
                                    <a href="#t897757909.0">Scenario: fChecking Response through restapi</a>

                        </td>
                        
                            <td>
            100%
    </td>
    <td>
            <table class="timelineview" cellpadding="0" cellspacing="0">
        <tr>
    <td>
        <a class="bar colorSucceeded" 
           style="width: 199px;" 
           title="1 succeeded" 
                   ></a>
    </td>
        </tr>
    </table>

    </td>
    <td>1</td>
    <td>1</td>
    <td>0</td>
    <td>0</td>
    <td>0</td>
    <td>0</td>
        <td>00:00:02.0575585</td>

                        
                    </tr>
            </table>
            <a name="f1649525762" />
            <h3>Feature: Checking the functionality of flight booking at Expedia.com</h3>
            <table class="testEvents">
                    <tr>
            <th>Test</th>
        <th colspan="2">Success rate</th>
        <th>Tests</th>
        <th>Succeeded</th>
        <th>Failed</th>
        <th>Pending</th>
        <th>Ignored</th>
        <th>Skipped</th>
            <th>Duration</th>
    </tr>

                    <tr>
                        <td>
                                    <a href="#t1434168891.0">Scenario: aOpen browser and website</a>

                        </td>
                        
                            <td>
            100%
    </td>
    <td>
            <table class="timelineview" cellpadding="0" cellspacing="0">
        <tr>
    <td>
        <a class="bar colorSucceeded" 
           style="width: 199px;" 
           title="1 succeeded" 
                   ></a>
    </td>
        </tr>
    </table>

    </td>
    <td>1</td>
    <td>1</td>
    <td>0</td>
    <td>0</td>
    <td>0</td>
    <td>0</td>
        <td>00:00:15.9692533</td>

                        
                    </tr>
                    <tr>
                        <td>
                                    <a href="#t-338480829.0">Scenario: bMulticity Round trip</a>

                        </td>
                        
                            <td>
            100%
    </td>
    <td>
            <table class="timelineview" cellpadding="0" cellspacing="0">
        <tr>
    <td>
        <a class="bar colorSucceeded" 
           style="width: 199px;" 
           title="1 succeeded" 
                   ></a>
    </td>
        </tr>
    </table>

    </td>
    <td>1</td>
    <td>1</td>
    <td>0</td>
    <td>0</td>
    <td>0</td>
    <td>0</td>
        <td>00:00:09.0777485</td>

                        
                    </tr>
                    <tr>
                        <td>
                                    <a href="#t-880760423.0">Scenario: cSearching the flights for trip</a>

                        </td>
                        
                            <td>
            100%
    </td>
    <td>
            <table class="timelineview" cellpadding="0" cellspacing="0">
        <tr>
    <td>
        <a class="bar colorSucceeded" 
           style="width: 199px;" 
           title="1 succeeded" 
                   ></a>
    </td>
        </tr>
    </table>

    </td>
    <td>1</td>
    <td>1</td>
    <td>0</td>
    <td>0</td>
    <td>0</td>
    <td>0</td>
        <td>00:00:09.8876079</td>

                        
                    </tr>
                    <tr>
                        <td>
                                    <a href="#t-1118640963.0">Scenario: dTrip Summary</a>

                        </td>
                        
                            <td>
            0%
    </td>
    <td>
            <table class="timelineview" cellpadding="0" cellspacing="0">
        <tr>
    <td>
        <a class="bar colorFailed" 
           style="width: 199px;" 
           title="1 failed" 
                          href="#error_summary"
        ></a>
    </td>
        </tr>
    </table>

    </td>
    <td>1</td>
    <td>0</td>
    <td>1</td>
    <td>0</td>
    <td>0</td>
    <td>0</td>
        <td>00:00:05.0412078</td>

                        
                    </tr>
                    <tr>
                        <td>
                                    <a href="#t119241433.0">Scenario: eClosing the Browser</a>

                        </td>
                        
                            <td>
            n/a
    </td>
    <td>
            <table class="timelineview" cellpadding="0" cellspacing="0">
        <tr>
    <td>
        <a class="bar colorSkipped" 
           style="width: 199px;" 
           title="1 skipped" 
                   ></a>
    </td>
        </tr>
    </table>

    </td>
    <td>1</td>
    <td>0</td>
    <td>0</td>
    <td>0</td>
    <td>0</td>
    <td>1</td>
        <td>00:00:00</td>

                        
                    </tr>
            </table>
            <a name="f201221449" />
            <h3>Feature: UnSucessfull Regestration</h3>
            <table class="testEvents">
                    <tr>
            <th>Test</th>
        <th colspan="2">Success rate</th>
        <th>Tests</th>
        <th>Succeeded</th>
        <th>Failed</th>
        <th>Pending</th>
        <th>Ignored</th>
        <th>Skipped</th>
            <th>Duration</th>
    </tr>

                    <tr>
                        <td>
                                    <a href="#t-1736554900.0">Scenario: gChecking the regestration</a>

                        </td>
                        
                            <td>
            0%
    </td>
    <td>
            <table class="timelineview" cellpadding="0" cellspacing="0">
        <tr>
    <td>
        <a class="bar colorPending" 
           style="width: 199px;" 
           title="1 pending" 
                   ></a>
    </td>
        </tr>
    </table>

    </td>
    <td>1</td>
    <td>0</td>
    <td>0</td>
    <td>1</td>
    <td>0</td>
    <td>0</td>
        <td>00:00:00.4368881</td>

                        
                    </tr>
            </table>

        <h2>Execution Details</h2>
            <a name="t1395759586.0" />
            <h3>Scenario: Sign in with password and empty email (in Assignmnet, Check the Login functionality of AutomationPractice.com)</h3>
            <ul>
                <li>Status: Failed</li>
                <li>Start time: 13-06-2019 17:06:05</li>
                <li>Execution time (sec): 18.1337477</li>
                <li>Thread: #0</li>
                <li>Error: no such element: Unable to locate element: {&quot;method&quot;:&quot;xpath&quot;,&quot;selector&quot;:&quot;//input[@id=&#39;email&#39;]&quot;}
  (Session info: chrome=75.0.3770.80)
  (Driver info: chromedriver=74.0.3729.6 (255758eccf3d244491b8a1317aa76e1ce10d57e9-refs/branch-heads/3729@{#29}),platform=Windows NT 10.0.17763 x86_64)</li>
            </ul>
            <table class="testEvents">
                <tr>
                    <th>Steps</th>
                    <th>Trace</th>
                    <th>Result</th>
                </tr>
                    <tr>
                        <td>
                            <pre class="log"></pre>
                        </td>
                        <td>
                            <!-- [Initialization: Feature - Check the Login functionality of AutomationPractice.com] -->
                            <pre class="log">-&gt; Using app.config</pre>
                        </td>
                        <td>Succeeded in 1.057s</td>
                    </tr>
                    <tr>
                        <td>
                            <pre class="log">Given I have navigated to the website</pre>
                        </td>
                        <td>
                            <!-- [TestArrange: Scenario - Sign in with password and empty email] -->
                            <pre class="log">done: CheckTheLoginFunctionalityOfAutomationPractice_ComSteps.GivenIhavenavigatedtothewebsite() (11.8s)</pre>
                        </td>
                        <td>Succeeded in 11.893s</td>
                    </tr>
                    <tr>
                        <td>
                            <pre class="log">When we will Pass the parameters</pre>
                        </td>
                        <td>
                            <!-- [TestAct: Scenario - Sign in with password and empty email] -->
                            <pre class="log">error: no such element: Unable to locate element: {&quot;method&quot;:&quot;xpath&quot;,&quot;selector&quot;:&quot;//input[@id='email']&quot;}
  (Session info: chrome=75.0.3770.80)
  (Driver info: chromedriver=74.0.3729.6 (255758eccf3d244491b8a1317aa76e1ce10d57e9-refs/branch-heads/3729@{#29}),platform=Windows NT 10.0.17763 x86_64)</pre>
                                <div class="errorMessage">no such element: Unable to locate element: {&quot;method&quot;:&quot;xpath&quot;,&quot;selector&quot;:&quot;//input[@id='email']&quot;}
  (Session info: chrome=75.0.3770.80)
  (Driver info: chromedriver=74.0.3729.6 (255758eccf3d244491b8a1317aa76e1ce10d57e9-refs/branch-heads/3729@{#29}),platform=Windows NT 10.0.17763 x86_64)</div>
                                <pre class="stackTrace">OpenQA.Selenium.NoSuchElementException: no such element: Unable to locate element: {&quot;method&quot;:&quot;xpath&quot;,&quot;selector&quot;:&quot;//input[@id='email']&quot;}
  (Session info: chrome=75.0.3770.80)
  (Driver info: chromedriver=74.0.3729.6 (255758eccf3d244491b8a1317aa76e1ce10d57e9-refs/branch-heads/3729@{#29}),platform=Windows NT 10.0.17763 x86_64)
   at OpenQA.Selenium.Remote.RemoteWebDriver.UnpackAndThrowOnError(Response errorResponse)
   at OpenQA.Selenium.Remote.RemoteWebDriver.Execute(String driverCommandToExecute, Dictionary`2 parameters)
   at OpenQA.Selenium.Remote.RemoteWebDriver.FindElement(String mechanism, String value)
   at OpenQA.Selenium.Remote.RemoteWebDriver.FindElementByXPath(String xpath)
   at OpenQA.Selenium.By.&lt;&gt;c__DisplayClass19_0.&lt;XPath&gt;b__0(ISearchContext context)
   at OpenQA.Selenium.By.FindElement(ISearchContext context)
   at OpenQA.Selenium.Remote.RemoteWebDriver.FindElement(By by)
   at Assignmnet.StepDefinationFile.CheckTheLoginFunctionalityOfAutomationPractice_ComSteps.WhenwewillPasstheparameters() in C:\Users\akshaygupta\source\repos\RestSharpAndExpedia\Assignmnet\StepDefinationFile\AutomationPractice.cs:line 51
   at lambda_method(Closure , IContextManager )
   at TechTalk.SpecFlow.Bindings.BindingInvoker.InvokeBinding(IBinding binding, IContextManager contextManager, Object[] arguments, ITestTracer testTracer, TimeSpan&amp; duration)
   at TechTalk.SpecFlow.Infrastructure.TestExecutionEngine.ExecuteStepMatch(BindingMatch match, Object[] arguments)
   at TechTalk.SpecRun.SpecFlowPlugin.Runtime.RunnerTestExecutionEngine.ExecuteStepMatch(BindingMatch match, Object[] arguments)
   at TechTalk.SpecFlow.Infrastructure.TestExecutionEngine.ExecuteStep(IContextManager contextManager, StepInstance stepInstance)
   at TechTalk.SpecFlow.Infrastructure.TestExecutionEngine.OnAfterLastStep()
   at TechTalk.SpecFlow.TestRunner.CollectScenarioErrors()
   at Assignmnet.FeatureFile.CheckTheLoginFunctionalityOfAutomationPractice_ComFeature.ScenarioCleanup()
   at Assignmnet.FeatureFile.CheckTheLoginFunctionalityOfAutomationPractice_ComFeature.SignInWithPasswordAndEmptyEmail() in C:\Users\akshaygupta\source\repos\RestSharpAndExpedia\Assignmnet\FeatureFile\AutomationPractice.feature:line 11
   at TechTalk.SpecRun.Framework.TaskExecutors.StaticOrInstanceMethodExecutor.ExecuteInternal(ITestThreadExecutionContext testThreadExecutionContext)
   at TechTalk.SpecRun.Framework.TaskExecutors.StaticOrInstanceMethodExecutor.Execute(ITestThreadExecutionContext testThreadExecutionContext)
   at TechTalk.SpecRun.Framework.TestAssemblyExecutor.ExecuteTestNodeTask(TestNode testNode, ITaskExecutor task, TraceEventType eventType)</pre>
                        </td>
                        <td>Failed in 5.094s</td>
                    </tr>
                    <tr>
                        <td>
                            <pre class="log">And login button clicked</pre>
                        </td>
                        <td>
                            <!-- [TestAct: Scenario - Sign in with password and empty email] -->
                            <pre class="log">skipped because of previous errors</pre>
                        </td>
                        <td>Skipped in 0.01s</td>
                    </tr>
                    <tr>
                        <td>
                            <pre class="log">Then Message is Displayed</pre>
                        </td>
                        <td>
                            <!-- [TestAssert: Scenario - Sign in with password and empty email] -->
                            <pre class="log">skipped because of previous errors</pre>
                        </td>
                        <td>Skipped in 0.001s</td>
                    </tr>
                    <tr>
                        <td>
                            <pre class="log">Then Close the Browser</pre>
                        </td>
                        <td>
                            <!-- [TestAssert: Scenario - Sign in with password and empty email] -->
                            <pre class="log">skipped because of previous errors</pre>
                        </td>
                        <td>Skipped in 0.043s</td>
                    </tr>
            </table>
            <a name="t1395759586.1" />
            <h3>Scenario: Sign in with password and empty email (in Assignmnet, Check the Login functionality of AutomationPractice.com) retry #1</h3>
            <ul>
                <li>Status: Failed</li>
                <li>Start time: 13-06-2019 17:06:23</li>
                <li>Execution time (sec): 66.6009489</li>
                <li>Thread: #0</li>
                <li>Error: no such element: Unable to locate element: {&quot;method&quot;:&quot;xpath&quot;,&quot;selector&quot;:&quot;//input[@id=&#39;email&#39;]&quot;}
  (Session info: chrome=75.0.3770.80)
  (Driver info: chromedriver=74.0.3729.6 (255758eccf3d244491b8a1317aa76e1ce10d57e9-refs/branch-heads/3729@{#29}),platform=Windows NT 10.0.17763 x86_64)</li>
            </ul>
            <table class="testEvents">
                <tr>
                    <th>Steps</th>
                    <th>Trace</th>
                    <th>Result</th>
                </tr>
                    <tr>
                        <td>
                            <pre class="log">Given I have navigated to the website</pre>
                        </td>
                        <td>
                            <!-- [TestArrange: Scenario - Sign in with password and empty email] -->
                            <pre class="log">done: CheckTheLoginFunctionalityOfAutomationPractice_ComSteps.GivenIhavenavigatedtothewebsite() (61.6s)</pre>
                        </td>
                        <td>Succeeded in 61.551s</td>
                    </tr>
                    <tr>
                        <td>
                            <pre class="log">When we will Pass the parameters</pre>
                        </td>
                        <td>
                            <!-- [TestAct: Scenario - Sign in with password and empty email] -->
                            <pre class="log">error: no such element: Unable to locate element: {&quot;method&quot;:&quot;xpath&quot;,&quot;selector&quot;:&quot;//input[@id='email']&quot;}
  (Session info: chrome=75.0.3770.80)
  (Driver info: chromedriver=74.0.3729.6 (255758eccf3d244491b8a1317aa76e1ce10d57e9-refs/branch-heads/3729@{#29}),platform=Windows NT 10.0.17763 x86_64)</pre>
                                <div class="errorMessage">no such element: Unable to locate element: {&quot;method&quot;:&quot;xpath&quot;,&quot;selector&quot;:&quot;//input[@id='email']&quot;}
  (Session info: chrome=75.0.3770.80)
  (Driver info: chromedriver=74.0.3729.6 (255758eccf3d244491b8a1317aa76e1ce10d57e9-refs/branch-heads/3729@{#29}),platform=Windows NT 10.0.17763 x86_64)</div>
                                <pre class="stackTrace">OpenQA.Selenium.NoSuchElementException: no such element: Unable to locate element: {&quot;method&quot;:&quot;xpath&quot;,&quot;selector&quot;:&quot;//input[@id='email']&quot;}
  (Session info: chrome=75.0.3770.80)
  (Driver info: chromedriver=74.0.3729.6 (255758eccf3d244491b8a1317aa76e1ce10d57e9-refs/branch-heads/3729@{#29}),platform=Windows NT 10.0.17763 x86_64)
   at OpenQA.Selenium.Remote.RemoteWebDriver.UnpackAndThrowOnError(Response errorResponse)
   at OpenQA.Selenium.Remote.RemoteWebDriver.Execute(String driverCommandToExecute, Dictionary`2 parameters)
   at OpenQA.Selenium.Remote.RemoteWebDriver.FindElement(String mechanism, String value)
   at OpenQA.Selenium.Remote.RemoteWebDriver.FindElementByXPath(String xpath)
   at OpenQA.Selenium.By.&lt;&gt;c__DisplayClass19_0.&lt;XPath&gt;b__0(ISearchContext context)
   at OpenQA.Selenium.By.FindElement(ISearchContext context)
   at OpenQA.Selenium.Remote.RemoteWebDriver.FindElement(By by)
   at Assignmnet.StepDefinationFile.CheckTheLoginFunctionalityOfAutomationPractice_ComSteps.WhenwewillPasstheparameters() in C:\Users\akshaygupta\source\repos\RestSharpAndExpedia\Assignmnet\StepDefinationFile\AutomationPractice.cs:line 51
   at lambda_method(Closure , IContextManager )
   at TechTalk.SpecFlow.Bindings.BindingInvoker.InvokeBinding(IBinding binding, IContextManager contextManager, Object[] arguments, ITestTracer testTracer, TimeSpan&amp; duration)
   at TechTalk.SpecFlow.Infrastructure.TestExecutionEngine.ExecuteStepMatch(BindingMatch match, Object[] arguments)
   at TechTalk.SpecRun.SpecFlowPlugin.Runtime.RunnerTestExecutionEngine.ExecuteStepMatch(BindingMatch match, Object[] arguments)
   at TechTalk.SpecFlow.Infrastructure.TestExecutionEngine.ExecuteStep(IContextManager contextManager, StepInstance stepInstance)
   at TechTalk.SpecFlow.Infrastructure.TestExecutionEngine.OnAfterLastStep()
   at TechTalk.SpecFlow.TestRunner.CollectScenarioErrors()
   at Assignmnet.FeatureFile.CheckTheLoginFunctionalityOfAutomationPractice_ComFeature.ScenarioCleanup()
   at Assignmnet.FeatureFile.CheckTheLoginFunctionalityOfAutomationPractice_ComFeature.SignInWithPasswordAndEmptyEmail() in C:\Users\akshaygupta\source\repos\RestSharpAndExpedia\Assignmnet\FeatureFile\AutomationPractice.feature:line 11
   at TechTalk.SpecRun.Framework.TaskExecutors.StaticOrInstanceMethodExecutor.ExecuteInternal(ITestThreadExecutionContext testThreadExecutionContext)
   at TechTalk.SpecRun.Framework.TaskExecutors.StaticOrInstanceMethodExecutor.Execute(ITestThreadExecutionContext testThreadExecutionContext)
   at TechTalk.SpecRun.Framework.TestAssemblyExecutor.ExecuteTestNodeTask(TestNode testNode, ITaskExecutor task, TraceEventType eventType)</pre>
                        </td>
                        <td>Failed in 5.043s</td>
                    </tr>
                    <tr>
                        <td>
                            <pre class="log">And login button clicked</pre>
                        </td>
                        <td>
                            <!-- [TestAct: Scenario - Sign in with password and empty email] -->
                            <pre class="log">skipped because of previous errors</pre>
                        </td>
                        <td>Skipped in 0.001s</td>
                    </tr>
                    <tr>
                        <td>
                            <pre class="log">Then Message is Displayed</pre>
                        </td>
                        <td>
                            <!-- [TestAssert: Scenario - Sign in with password and empty email] -->
                            <pre class="log">skipped because of previous errors</pre>
                        </td>
                        <td>Skipped in 0s</td>
                    </tr>
                    <tr>
                        <td>
                            <pre class="log">Then Close the Browser</pre>
                        </td>
                        <td>
                            <!-- [TestAssert: Scenario - Sign in with password and empty email] -->
                            <pre class="log">skipped because of previous errors</pre>
                        </td>
                        <td>Skipped in 0.002s</td>
                    </tr>
            </table>
            <a name="t1395759586.2" />
            <h3>Scenario: Sign in with password and empty email (in Assignmnet, Check the Login functionality of AutomationPractice.com) retry #2</h3>
            <ul>
                <li>Status: Failed</li>
                <li>Start time: 13-06-2019 17:07:30</li>
                <li>Execution time (sec): 16.3732721</li>
                <li>Thread: #0</li>
                <li>Error: no such element: Unable to locate element: {&quot;method&quot;:&quot;xpath&quot;,&quot;selector&quot;:&quot;//input[@id=&#39;email&#39;]&quot;}
  (Session info: chrome=75.0.3770.80)
  (Driver info: chromedriver=74.0.3729.6 (255758eccf3d244491b8a1317aa76e1ce10d57e9-refs/branch-heads/3729@{#29}),platform=Windows NT 10.0.17763 x86_64)</li>
            </ul>
            <table class="testEvents">
                <tr>
                    <th>Steps</th>
                    <th>Trace</th>
                    <th>Result</th>
                </tr>
                    <tr>
                        <td>
                            <pre class="log">Given I have navigated to the website</pre>
                        </td>
                        <td>
                            <!-- [TestArrange: Scenario - Sign in with password and empty email] -->
                            <pre class="log">done: CheckTheLoginFunctionalityOfAutomationPractice_ComSteps.GivenIhavenavigatedtothewebsite() (11.3s)</pre>
                        </td>
                        <td>Succeeded in 11.329s</td>
                    </tr>
                    <tr>
                        <td>
                            <pre class="log">When we will Pass the parameters</pre>
                        </td>
                        <td>
                            <!-- [TestAct: Scenario - Sign in with password and empty email] -->
                            <pre class="log">error: no such element: Unable to locate element: {&quot;method&quot;:&quot;xpath&quot;,&quot;selector&quot;:&quot;//input[@id='email']&quot;}
  (Session info: chrome=75.0.3770.80)
  (Driver info: chromedriver=74.0.3729.6 (255758eccf3d244491b8a1317aa76e1ce10d57e9-refs/branch-heads/3729@{#29}),platform=Windows NT 10.0.17763 x86_64)</pre>
                                <div class="errorMessage">no such element: Unable to locate element: {&quot;method&quot;:&quot;xpath&quot;,&quot;selector&quot;:&quot;//input[@id='email']&quot;}
  (Session info: chrome=75.0.3770.80)
  (Driver info: chromedriver=74.0.3729.6 (255758eccf3d244491b8a1317aa76e1ce10d57e9-refs/branch-heads/3729@{#29}),platform=Windows NT 10.0.17763 x86_64)</div>
                                <pre class="stackTrace">OpenQA.Selenium.NoSuchElementException: no such element: Unable to locate element: {&quot;method&quot;:&quot;xpath&quot;,&quot;selector&quot;:&quot;//input[@id='email']&quot;}
  (Session info: chrome=75.0.3770.80)
  (Driver info: chromedriver=74.0.3729.6 (255758eccf3d244491b8a1317aa76e1ce10d57e9-refs/branch-heads/3729@{#29}),platform=Windows NT 10.0.17763 x86_64)
   at OpenQA.Selenium.Remote.RemoteWebDriver.UnpackAndThrowOnError(Response errorResponse)
   at OpenQA.Selenium.Remote.RemoteWebDriver.Execute(String driverCommandToExecute, Dictionary`2 parameters)
   at OpenQA.Selenium.Remote.RemoteWebDriver.FindElement(String mechanism, String value)
   at OpenQA.Selenium.Remote.RemoteWebDriver.FindElementByXPath(String xpath)
   at OpenQA.Selenium.By.&lt;&gt;c__DisplayClass19_0.&lt;XPath&gt;b__0(ISearchContext context)
   at OpenQA.Selenium.By.FindElement(ISearchContext context)
   at OpenQA.Selenium.Remote.RemoteWebDriver.FindElement(By by)
   at Assignmnet.StepDefinationFile.CheckTheLoginFunctionalityOfAutomationPractice_ComSteps.WhenwewillPasstheparameters() in C:\Users\akshaygupta\source\repos\RestSharpAndExpedia\Assignmnet\StepDefinationFile\AutomationPractice.cs:line 51
   at lambda_method(Closure , IContextManager )
   at TechTalk.SpecFlow.Bindings.BindingInvoker.InvokeBinding(IBinding binding, IContextManager contextManager, Object[] arguments, ITestTracer testTracer, TimeSpan&amp; duration)
   at TechTalk.SpecFlow.Infrastructure.TestExecutionEngine.ExecuteStepMatch(BindingMatch match, Object[] arguments)
   at TechTalk.SpecRun.SpecFlowPlugin.Runtime.RunnerTestExecutionEngine.ExecuteStepMatch(BindingMatch match, Object[] arguments)
   at TechTalk.SpecFlow.Infrastructure.TestExecutionEngine.ExecuteStep(IContextManager contextManager, StepInstance stepInstance)
   at TechTalk.SpecFlow.Infrastructure.TestExecutionEngine.OnAfterLastStep()
   at TechTalk.SpecFlow.TestRunner.CollectScenarioErrors()
   at Assignmnet.FeatureFile.CheckTheLoginFunctionalityOfAutomationPractice_ComFeature.ScenarioCleanup()
   at Assignmnet.FeatureFile.CheckTheLoginFunctionalityOfAutomationPractice_ComFeature.SignInWithPasswordAndEmptyEmail() in C:\Users\akshaygupta\source\repos\RestSharpAndExpedia\Assignmnet\FeatureFile\AutomationPractice.feature:line 11
   at TechTalk.SpecRun.Framework.TaskExecutors.StaticOrInstanceMethodExecutor.ExecuteInternal(ITestThreadExecutionContext testThreadExecutionContext)
   at TechTalk.SpecRun.Framework.TaskExecutors.StaticOrInstanceMethodExecutor.Execute(ITestThreadExecutionContext testThreadExecutionContext)
   at TechTalk.SpecRun.Framework.TestAssemblyExecutor.ExecuteTestNodeTask(TestNode testNode, ITaskExecutor task, TraceEventType eventType)</pre>
                        </td>
                        <td>Failed in 5.041s</td>
                    </tr>
                    <tr>
                        <td>
                            <pre class="log">And login button clicked</pre>
                        </td>
                        <td>
                            <!-- [TestAct: Scenario - Sign in with password and empty email] -->
                            <pre class="log">skipped because of previous errors</pre>
                        </td>
                        <td>Skipped in 0.001s</td>
                    </tr>
                    <tr>
                        <td>
                            <pre class="log">Then Message is Displayed</pre>
                        </td>
                        <td>
                            <!-- [TestAssert: Scenario - Sign in with password and empty email] -->
                            <pre class="log">skipped because of previous errors</pre>
                        </td>
                        <td>Skipped in 0s</td>
                    </tr>
                    <tr>
                        <td>
                            <pre class="log">Then Close the Browser</pre>
                        </td>
                        <td>
                            <!-- [TestAssert: Scenario - Sign in with password and empty email] -->
                            <pre class="log">skipped because of previous errors</pre>
                        </td>
                        <td>Skipped in 0.001s</td>
                    </tr>
            </table>
            <a name="t-216810678.0" />
            <h3>Scenario: Sign in with email and empty password (in Assignmnet, Check the Login functionality of AutomationPractice.com)</h3>
            <ul>
                <li>Status: Failed</li>
                <li>Start time: 13-06-2019 17:07:46</li>
                <li>Execution time (sec): 16.0597578</li>
                <li>Thread: #0</li>
                <li>Error: no such element: Unable to locate element: {&quot;method&quot;:&quot;xpath&quot;,&quot;selector&quot;:&quot;//input[@id=&#39;email&#39;]&quot;}
  (Session info: chrome=75.0.3770.80)
  (Driver info: chromedriver=74.0.3729.6 (255758eccf3d244491b8a1317aa76e1ce10d57e9-refs/branch-heads/3729@{#29}),platform=Windows NT 10.0.17763 x86_64)</li>
            </ul>
            <table class="testEvents">
                <tr>
                    <th>Steps</th>
                    <th>Trace</th>
                    <th>Result</th>
                </tr>
                    <tr>
                        <td>
                            <pre class="log">Given I have navigated to the website</pre>
                        </td>
                        <td>
                            <!-- [TestArrange: Scenario - Sign in with email and empty password] -->
                            <pre class="log">done: CheckTheLoginFunctionalityOfAutomationPractice_ComSteps.GivenIhavenavigatedtothewebsite() (11.0s)</pre>
                        </td>
                        <td>Succeeded in 11.023s</td>
                    </tr>
                    <tr>
                        <td>
                            <pre class="log">When Pass the parameters</pre>
                        </td>
                        <td>
                            <!-- [TestAct: Scenario - Sign in with email and empty password] -->
                            <pre class="log">error: no such element: Unable to locate element: {&quot;method&quot;:&quot;xpath&quot;,&quot;selector&quot;:&quot;//input[@id='email']&quot;}
  (Session info: chrome=75.0.3770.80)
  (Driver info: chromedriver=74.0.3729.6 (255758eccf3d244491b8a1317aa76e1ce10d57e9-refs/branch-heads/3729@{#29}),platform=Windows NT 10.0.17763 x86_64)</pre>
                                <div class="errorMessage">no such element: Unable to locate element: {&quot;method&quot;:&quot;xpath&quot;,&quot;selector&quot;:&quot;//input[@id='email']&quot;}
  (Session info: chrome=75.0.3770.80)
  (Driver info: chromedriver=74.0.3729.6 (255758eccf3d244491b8a1317aa76e1ce10d57e9-refs/branch-heads/3729@{#29}),platform=Windows NT 10.0.17763 x86_64)</div>
                                <pre class="stackTrace">OpenQA.Selenium.NoSuchElementException: no such element: Unable to locate element: {&quot;method&quot;:&quot;xpath&quot;,&quot;selector&quot;:&quot;//input[@id='email']&quot;}
  (Session info: chrome=75.0.3770.80)
  (Driver info: chromedriver=74.0.3729.6 (255758eccf3d244491b8a1317aa76e1ce10d57e9-refs/branch-heads/3729@{#29}),platform=Windows NT 10.0.17763 x86_64)
   at OpenQA.Selenium.Remote.RemoteWebDriver.UnpackAndThrowOnError(Response errorResponse)
   at OpenQA.Selenium.Remote.RemoteWebDriver.Execute(String driverCommandToExecute, Dictionary`2 parameters)
   at OpenQA.Selenium.Remote.RemoteWebDriver.FindElement(String mechanism, String value)
   at OpenQA.Selenium.Remote.RemoteWebDriver.FindElementByXPath(String xpath)
   at OpenQA.Selenium.By.&lt;&gt;c__DisplayClass19_0.&lt;XPath&gt;b__0(ISearchContext context)
   at OpenQA.Selenium.By.FindElement(ISearchContext context)
   at OpenQA.Selenium.Remote.RemoteWebDriver.FindElement(By by)
   at Assignmnet.StepDefinationFile.CheckTheLoginFunctionalityOfAutomationPractice_ComSteps.WhenPassTheParameters() in C:\Users\akshaygupta\source\repos\RestSharpAndExpedia\Assignmnet\StepDefinationFile\AutomationPractice.cs:line 62
   at lambda_method(Closure , IContextManager )
   at TechTalk.SpecFlow.Bindings.BindingInvoker.InvokeBinding(IBinding binding, IContextManager contextManager, Object[] arguments, ITestTracer testTracer, TimeSpan&amp; duration)
   at TechTalk.SpecFlow.Infrastructure.TestExecutionEngine.ExecuteStepMatch(BindingMatch match, Object[] arguments)
   at TechTalk.SpecRun.SpecFlowPlugin.Runtime.RunnerTestExecutionEngine.ExecuteStepMatch(BindingMatch match, Object[] arguments)
   at TechTalk.SpecFlow.Infrastructure.TestExecutionEngine.ExecuteStep(IContextManager contextManager, StepInstance stepInstance)
   at TechTalk.SpecFlow.Infrastructure.TestExecutionEngine.OnAfterLastStep()
   at TechTalk.SpecFlow.TestRunner.CollectScenarioErrors()
   at Assignmnet.FeatureFile.CheckTheLoginFunctionalityOfAutomationPractice_ComFeature.ScenarioCleanup()
   at Assignmnet.FeatureFile.CheckTheLoginFunctionalityOfAutomationPractice_ComFeature.SignInWithEmailAndEmptyPassword() in C:\Users\akshaygupta\source\repos\RestSharpAndExpedia\Assignmnet\FeatureFile\AutomationPractice.feature:line 18
   at TechTalk.SpecRun.Framework.TaskExecutors.StaticOrInstanceMethodExecutor.ExecuteInternal(ITestThreadExecutionContext testThreadExecutionContext)
   at TechTalk.SpecRun.Framework.TaskExecutors.StaticOrInstanceMethodExecutor.Execute(ITestThreadExecutionContext testThreadExecutionContext)
   at TechTalk.SpecRun.Framework.TestAssemblyExecutor.ExecuteTestNodeTask(TestNode testNode, ITaskExecutor task, TraceEventType eventType)</pre>
                        </td>
                        <td>Failed in 5.032s</td>
                    </tr>
                    <tr>
                        <td>
                            <pre class="log">And login button clicked</pre>
                        </td>
                        <td>
                            <!-- [TestAct: Scenario - Sign in with email and empty password] -->
                            <pre class="log">skipped because of previous errors</pre>
                        </td>
                        <td>Skipped in 0s</td>
                    </tr>
                    <tr>
                        <td>
                            <pre class="log">Then Unsucessful Message is displayed</pre>
                        </td>
                        <td>
                            <!-- [TestAssert: Scenario - Sign in with email and empty password] -->
                            <pre class="log">skipped because of previous errors</pre>
                        </td>
                        <td>Skipped in 0.001s</td>
                    </tr>
                    <tr>
                        <td>
                            <pre class="log">Then Close the Browser</pre>
                        </td>
                        <td>
                            <!-- [TestAssert: Scenario - Sign in with email and empty password] -->
                            <pre class="log">skipped because of previous errors</pre>
                        </td>
                        <td>Skipped in 0.002s</td>
                    </tr>
            </table>
            <a name="t-216810678.1" />
            <h3>Scenario: Sign in with email and empty password (in Assignmnet, Check the Login functionality of AutomationPractice.com) retry #1</h3>
            <ul>
                <li>Status: Failed</li>
                <li>Start time: 13-06-2019 17:08:02</li>
                <li>Execution time (sec): 15.3933443</li>
                <li>Thread: #0</li>
                <li>Error: no such element: Unable to locate element: {&quot;method&quot;:&quot;xpath&quot;,&quot;selector&quot;:&quot;//input[@id=&#39;email&#39;]&quot;}
  (Session info: chrome=75.0.3770.80)
  (Driver info: chromedriver=74.0.3729.6 (255758eccf3d244491b8a1317aa76e1ce10d57e9-refs/branch-heads/3729@{#29}),platform=Windows NT 10.0.17763 x86_64)</li>
            </ul>
            <table class="testEvents">
                <tr>
                    <th>Steps</th>
                    <th>Trace</th>
                    <th>Result</th>
                </tr>
                    <tr>
                        <td>
                            <pre class="log">Given I have navigated to the website</pre>
                        </td>
                        <td>
                            <!-- [TestArrange: Scenario - Sign in with email and empty password] -->
                            <pre class="log">done: CheckTheLoginFunctionalityOfAutomationPractice_ComSteps.GivenIhavenavigatedtothewebsite() (10.4s)</pre>
                        </td>
                        <td>Succeeded in 10.363s</td>
                    </tr>
                    <tr>
                        <td>
                            <pre class="log">When Pass the parameters</pre>
                        </td>
                        <td>
                            <!-- [TestAct: Scenario - Sign in with email and empty password] -->
                            <pre class="log">error: no such element: Unable to locate element: {&quot;method&quot;:&quot;xpath&quot;,&quot;selector&quot;:&quot;//input[@id='email']&quot;}
  (Session info: chrome=75.0.3770.80)
  (Driver info: chromedriver=74.0.3729.6 (255758eccf3d244491b8a1317aa76e1ce10d57e9-refs/branch-heads/3729@{#29}),platform=Windows NT 10.0.17763 x86_64)</pre>
                                <div class="errorMessage">no such element: Unable to locate element: {&quot;method&quot;:&quot;xpath&quot;,&quot;selector&quot;:&quot;//input[@id='email']&quot;}
  (Session info: chrome=75.0.3770.80)
  (Driver info: chromedriver=74.0.3729.6 (255758eccf3d244491b8a1317aa76e1ce10d57e9-refs/branch-heads/3729@{#29}),platform=Windows NT 10.0.17763 x86_64)</div>
                                <pre class="stackTrace">OpenQA.Selenium.NoSuchElementException: no such element: Unable to locate element: {&quot;method&quot;:&quot;xpath&quot;,&quot;selector&quot;:&quot;//input[@id='email']&quot;}
  (Session info: chrome=75.0.3770.80)
  (Driver info: chromedriver=74.0.3729.6 (255758eccf3d244491b8a1317aa76e1ce10d57e9-refs/branch-heads/3729@{#29}),platform=Windows NT 10.0.17763 x86_64)
   at OpenQA.Selenium.Remote.RemoteWebDriver.UnpackAndThrowOnError(Response errorResponse)
   at OpenQA.Selenium.Remote.RemoteWebDriver.Execute(String driverCommandToExecute, Dictionary`2 parameters)
   at OpenQA.Selenium.Remote.RemoteWebDriver.FindElement(String mechanism, String value)
   at OpenQA.Selenium.Remote.RemoteWebDriver.FindElementByXPath(String xpath)
   at OpenQA.Selenium.By.&lt;&gt;c__DisplayClass19_0.&lt;XPath&gt;b__0(ISearchContext context)
   at OpenQA.Selenium.By.FindElement(ISearchContext context)
   at OpenQA.Selenium.Remote.RemoteWebDriver.FindElement(By by)
   at Assignmnet.StepDefinationFile.CheckTheLoginFunctionalityOfAutomationPractice_ComSteps.WhenPassTheParameters() in C:\Users\akshaygupta\source\repos\RestSharpAndExpedia\Assignmnet\StepDefinationFile\AutomationPractice.cs:line 62
   at lambda_method(Closure , IContextManager )
   at TechTalk.SpecFlow.Bindings.BindingInvoker.InvokeBinding(IBinding binding, IContextManager contextManager, Object[] arguments, ITestTracer testTracer, TimeSpan&amp; duration)
   at TechTalk.SpecFlow.Infrastructure.TestExecutionEngine.ExecuteStepMatch(BindingMatch match, Object[] arguments)
   at TechTalk.SpecRun.SpecFlowPlugin.Runtime.RunnerTestExecutionEngine.ExecuteStepMatch(BindingMatch match, Object[] arguments)
   at TechTalk.SpecFlow.Infrastructure.TestExecutionEngine.ExecuteStep(IContextManager contextManager, StepInstance stepInstance)
   at TechTalk.SpecFlow.Infrastructure.TestExecutionEngine.OnAfterLastStep()
   at TechTalk.SpecFlow.TestRunner.CollectScenarioErrors()
   at Assignmnet.FeatureFile.CheckTheLoginFunctionalityOfAutomationPractice_ComFeature.ScenarioCleanup()
   at Assignmnet.FeatureFile.CheckTheLoginFunctionalityOfAutomationPractice_ComFeature.SignInWithEmailAndEmptyPassword() in C:\Users\akshaygupta\source\repos\RestSharpAndExpedia\Assignmnet\FeatureFile\AutomationPractice.feature:line 18
   at TechTalk.SpecRun.Framework.TaskExecutors.StaticOrInstanceMethodExecutor.ExecuteInternal(ITestThreadExecutionContext testThreadExecutionContext)
   at TechTalk.SpecRun.Framework.TaskExecutors.StaticOrInstanceMethodExecutor.Execute(ITestThreadExecutionContext testThreadExecutionContext)
   at TechTalk.SpecRun.Framework.TestAssemblyExecutor.ExecuteTestNodeTask(TestNode testNode, ITaskExecutor task, TraceEventType eventType)</pre>
                        </td>
                        <td>Failed in 5.027s</td>
                    </tr>
                    <tr>
                        <td>
                            <pre class="log">And login button clicked</pre>
                        </td>
                        <td>
                            <!-- [TestAct: Scenario - Sign in with email and empty password] -->
                            <pre class="log">skipped because of previous errors</pre>
                        </td>
                        <td>Skipped in 0.001s</td>
                    </tr>
                    <tr>
                        <td>
                            <pre class="log">Then Unsucessful Message is displayed</pre>
                        </td>
                        <td>
                            <!-- [TestAssert: Scenario - Sign in with email and empty password] -->
                            <pre class="log">skipped because of previous errors</pre>
                        </td>
                        <td>Skipped in 0s</td>
                    </tr>
                    <tr>
                        <td>
                            <pre class="log">Then Close the Browser</pre>
                        </td>
                        <td>
                            <!-- [TestAssert: Scenario - Sign in with email and empty password] -->
                            <pre class="log">skipped because of previous errors</pre>
                        </td>
                        <td>Skipped in 0.001s</td>
                    </tr>
            </table>
            <a name="t-216810678.2" />
            <h3>Scenario: Sign in with email and empty password (in Assignmnet, Check the Login functionality of AutomationPractice.com) retry #2</h3>
            <ul>
                <li>Status: Failed</li>
                <li>Start time: 13-06-2019 17:08:18</li>
                <li>Execution time (sec): 15.96482</li>
                <li>Thread: #0</li>
                <li>Error: no such element: Unable to locate element: {&quot;method&quot;:&quot;xpath&quot;,&quot;selector&quot;:&quot;//input[@id=&#39;email&#39;]&quot;}
  (Session info: chrome=75.0.3770.80)
  (Driver info: chromedriver=74.0.3729.6 (255758eccf3d244491b8a1317aa76e1ce10d57e9-refs/branch-heads/3729@{#29}),platform=Windows NT 10.0.17763 x86_64)</li>
            </ul>
            <table class="testEvents">
                <tr>
                    <th>Steps</th>
                    <th>Trace</th>
                    <th>Result</th>
                </tr>
                    <tr>
                        <td>
                            <pre class="log">Given I have navigated to the website</pre>
                        </td>
                        <td>
                            <!-- [TestArrange: Scenario - Sign in with email and empty password] -->
                            <pre class="log">done: CheckTheLoginFunctionalityOfAutomationPractice_ComSteps.GivenIhavenavigatedtothewebsite() (10.9s)</pre>
                        </td>
                        <td>Succeeded in 10.904s</td>
                    </tr>
                    <tr>
                        <td>
                            <pre class="log">When Pass the parameters</pre>
                        </td>
                        <td>
                            <!-- [TestAct: Scenario - Sign in with email and empty password] -->
                            <pre class="log">error: no such element: Unable to locate element: {&quot;method&quot;:&quot;xpath&quot;,&quot;selector&quot;:&quot;//input[@id='email']&quot;}
  (Session info: chrome=75.0.3770.80)
  (Driver info: chromedriver=74.0.3729.6 (255758eccf3d244491b8a1317aa76e1ce10d57e9-refs/branch-heads/3729@{#29}),platform=Windows NT 10.0.17763 x86_64)</pre>
                                <div class="errorMessage">no such element: Unable to locate element: {&quot;method&quot;:&quot;xpath&quot;,&quot;selector&quot;:&quot;//input[@id='email']&quot;}
  (Session info: chrome=75.0.3770.80)
  (Driver info: chromedriver=74.0.3729.6 (255758eccf3d244491b8a1317aa76e1ce10d57e9-refs/branch-heads/3729@{#29}),platform=Windows NT 10.0.17763 x86_64)</div>
                                <pre class="stackTrace">OpenQA.Selenium.NoSuchElementException: no such element: Unable to locate element: {&quot;method&quot;:&quot;xpath&quot;,&quot;selector&quot;:&quot;//input[@id='email']&quot;}
  (Session info: chrome=75.0.3770.80)
  (Driver info: chromedriver=74.0.3729.6 (255758eccf3d244491b8a1317aa76e1ce10d57e9-refs/branch-heads/3729@{#29}),platform=Windows NT 10.0.17763 x86_64)
   at OpenQA.Selenium.Remote.RemoteWebDriver.UnpackAndThrowOnError(Response errorResponse)
   at OpenQA.Selenium.Remote.RemoteWebDriver.Execute(String driverCommandToExecute, Dictionary`2 parameters)
   at OpenQA.Selenium.Remote.RemoteWebDriver.FindElement(String mechanism, String value)
   at OpenQA.Selenium.Remote.RemoteWebDriver.FindElementByXPath(String xpath)
   at OpenQA.Selenium.By.&lt;&gt;c__DisplayClass19_0.&lt;XPath&gt;b__0(ISearchContext context)
   at OpenQA.Selenium.By.FindElement(ISearchContext context)
   at OpenQA.Selenium.Remote.RemoteWebDriver.FindElement(By by)
   at Assignmnet.StepDefinationFile.CheckTheLoginFunctionalityOfAutomationPractice_ComSteps.WhenPassTheParameters() in C:\Users\akshaygupta\source\repos\RestSharpAndExpedia\Assignmnet\StepDefinationFile\AutomationPractice.cs:line 62
   at lambda_method(Closure , IContextManager )
   at TechTalk.SpecFlow.Bindings.BindingInvoker.InvokeBinding(IBinding binding, IContextManager contextManager, Object[] arguments, ITestTracer testTracer, TimeSpan&amp; duration)
   at TechTalk.SpecFlow.Infrastructure.TestExecutionEngine.ExecuteStepMatch(BindingMatch match, Object[] arguments)
   at TechTalk.SpecRun.SpecFlowPlugin.Runtime.RunnerTestExecutionEngine.ExecuteStepMatch(BindingMatch match, Object[] arguments)
   at TechTalk.SpecFlow.Infrastructure.TestExecutionEngine.ExecuteStep(IContextManager contextManager, StepInstance stepInstance)
   at TechTalk.SpecFlow.Infrastructure.TestExecutionEngine.OnAfterLastStep()
   at TechTalk.SpecFlow.TestRunner.CollectScenarioErrors()
   at Assignmnet.FeatureFile.CheckTheLoginFunctionalityOfAutomationPractice_ComFeature.ScenarioCleanup()
   at Assignmnet.FeatureFile.CheckTheLoginFunctionalityOfAutomationPractice_ComFeature.SignInWithEmailAndEmptyPassword() in C:\Users\akshaygupta\source\repos\RestSharpAndExpedia\Assignmnet\FeatureFile\AutomationPractice.feature:line 18
   at TechTalk.SpecRun.Framework.TaskExecutors.StaticOrInstanceMethodExecutor.ExecuteInternal(ITestThreadExecutionContext testThreadExecutionContext)
   at TechTalk.SpecRun.Framework.TaskExecutors.StaticOrInstanceMethodExecutor.Execute(ITestThreadExecutionContext testThreadExecutionContext)
   at TechTalk.SpecRun.Framework.TestAssemblyExecutor.ExecuteTestNodeTask(TestNode testNode, ITaskExecutor task, TraceEventType eventType)</pre>
                        </td>
                        <td>Failed in 5.058s</td>
                    </tr>
                    <tr>
                        <td>
                            <pre class="log">And login button clicked</pre>
                        </td>
                        <td>
                            <!-- [TestAct: Scenario - Sign in with email and empty password] -->
                            <pre class="log">skipped because of previous errors</pre>
                        </td>
                        <td>Skipped in 0.001s</td>
                    </tr>
                    <tr>
                        <td>
                            <pre class="log">Then Unsucessful Message is displayed</pre>
                        </td>
                        <td>
                            <!-- [TestAssert: Scenario - Sign in with email and empty password] -->
                            <pre class="log">skipped because of previous errors</pre>
                        </td>
                        <td>Skipped in 0s</td>
                    </tr>
                    <tr>
                        <td>
                            <pre class="log">Then Close the Browser</pre>
                        </td>
                        <td>
                            <!-- [TestAssert: Scenario - Sign in with email and empty password] -->
                            <pre class="log">skipped because of previous errors</pre>
                        </td>
                        <td>Skipped in 0.001s</td>
                    </tr>
            </table>
            <a name="t1591501074.0" />
            <h3>Scenario: Sign in with incorrect credentials (in Assignmnet, Check the Login functionality of AutomationPractice.com)</h3>
            <ul>
                <li>Status: Succeeded</li>
                <li>Start time: 13-06-2019 17:08:34</li>
                <li>Execution time (sec): 26.6628738</li>
                <li>Thread: #0</li>
            </ul>
            <table class="testEvents">
                <tr>
                    <th>Steps</th>
                    <th>Trace</th>
                    <th>Result</th>
                </tr>
                    <tr>
                        <td>
                            <pre class="log">Given I have navigated to the website</pre>
                        </td>
                        <td>
                            <!-- [TestArrange: Scenario - Sign in with incorrect credentials] -->
                            <pre class="log">done: CheckTheLoginFunctionalityOfAutomationPractice_ComSteps.GivenIhavenavigatedtothewebsite() (18.0s)</pre>
                        </td>
                        <td>Succeeded in 17.997s</td>
                    </tr>
                    <tr>
                        <td>
                            <pre class="log">And login button clicked</pre>
                        </td>
                        <td>
                            <!-- [TestArrange: Scenario - Sign in with incorrect credentials] -->
                            <pre class="log">done: CheckTheLoginFunctionalityOfAutomationPractice_ComSteps.GivenLoginButtonClicked() (3.8s)</pre>
                        </td>
                        <td>Succeeded in 3.808s</td>
                    </tr>
                    <tr>
                        <td>
                            <pre class="log">When Pass the Arguments</pre>
                        </td>
                        <td>
                            <!-- [TestAct: Scenario - Sign in with incorrect credentials] -->
                            <pre class="log">done: CheckTheLoginFunctionalityOfAutomationPractice_ComSteps.WhenPassTheArguments() (4.5s)</pre>
                        </td>
                        <td>Succeeded in 4.498s</td>
                    </tr>
                    <tr>
                        <td>
                            <pre class="log">Then Message is displayed accordingly</pre>
                        </td>
                        <td>
                            <!-- [TestAssert: Scenario - Sign in with incorrect credentials] -->
                            <pre class="log">Invalid email address.
done: CheckTheLoginFunctionalityOfAutomationPractice_ComSteps.ThenMessageisdisplayedaccordingly() (0.0s)</pre>
                        </td>
                        <td>Succeeded in 0.003s</td>
                    </tr>
                    <tr>
                        <td>
                            <pre class="log">Then Close the Browser</pre>
                        </td>
                        <td>
                            <!-- [TestAssert: Scenario - Sign in with incorrect credentials] -->
                            <pre class="log">done: CheckTheLoginFunctionalityOfAutomationPractice_ComSteps.ThenCloseTheBrowser() (0.4s)</pre>
                        </td>
                        <td>Succeeded in 0.356s</td>
                    </tr>
            </table>
            <a name="t1345754734.0" />
            <h3>Scenario: Sign in with no credentials (in Assignmnet, Check the Login functionality of AutomationPractice.com)</h3>
            <ul>
                <li>Status: Succeeded</li>
                <li>Start time: 13-06-2019 17:09:00</li>
                <li>Execution time (sec): 16.3837527</li>
                <li>Thread: #0</li>
            </ul>
            <table class="testEvents">
                <tr>
                    <th>Steps</th>
                    <th>Trace</th>
                    <th>Result</th>
                </tr>
                    <tr>
                        <td>
                            <pre class="log">Given I have navigated to the website</pre>
                        </td>
                        <td>
                            <!-- [TestArrange: Scenario - Sign in with no credentials] -->
                            <pre class="log">done: CheckTheLoginFunctionalityOfAutomationPractice_ComSteps.GivenIhavenavigatedtothewebsite() (11.5s)</pre>
                        </td>
                        <td>Succeeded in 11.461s</td>
                    </tr>
                    <tr>
                        <td>
                            <pre class="log">And login button clicked</pre>
                        </td>
                        <td>
                            <!-- [TestArrange: Scenario - Sign in with no credentials] -->
                            <pre class="log">done: CheckTheLoginFunctionalityOfAutomationPractice_ComSteps.GivenLoginButtonClicked() (2.6s)</pre>
                        </td>
                        <td>Succeeded in 2.62s</td>
                    </tr>
                    <tr>
                        <td>
                            <pre class="log">When No Argument is passed</pre>
                        </td>
                        <td>
                            <!-- [TestAct: Scenario - Sign in with no credentials] -->
                            <pre class="log">done: CheckTheLoginFunctionalityOfAutomationPractice_ComSteps.WhenNoArgumentIsPassed() (2.0s)</pre>
                        </td>
                        <td>Succeeded in 2.014s</td>
                    </tr>
                    <tr>
                        <td>
                            <pre class="log">Then Error Message is shown</pre>
                        </td>
                        <td>
                            <!-- [TestAssert: Scenario - Sign in with no credentials] -->
                            <pre class="log">An email address required.
done: CheckTheLoginFunctionalityOfAutomationPractice_ComSteps.ThenErrorMessageisshown() (0.0s)</pre>
                        </td>
                        <td>Succeeded in 0.001s</td>
                    </tr>
                    <tr>
                        <td>
                            <pre class="log">Then Close the Browser</pre>
                        </td>
                        <td>
                            <!-- [TestAssert: Scenario - Sign in with no credentials] -->
                            <pre class="log">done: CheckTheLoginFunctionalityOfAutomationPractice_ComSteps.ThenCloseTheBrowser() (0.3s)</pre>
                        </td>
                        <td>Succeeded in 0.285s</td>
                    </tr>
            </table>
            <a name="t897757909.0" />
            <h3>Scenario: fChecking Response through restapi (in Assignmnet, Checking Api Response)</h3>
                <div class="description">
                    tags: mytag
                </div>
            <ul>
                <li>Status: Succeeded</li>
                <li>Start time: 13-06-2019 17:09:17</li>
                <li>Execution time (sec): 2.0575585</li>
                <li>Thread: #0</li>
            </ul>
            <table class="testEvents">
                <tr>
                    <th>Steps</th>
                    <th>Trace</th>
                    <th>Result</th>
                </tr>
                    <tr>
                        <td>
                            <pre class="log">Given We use client and request</pre>
                        </td>
                        <td>
                            <!-- [TestArrange: Scenario - fChecking Response through restapi] -->
                            <pre class="log">done: CheckingApiResponseSteps.GivenWeUseClientAndRequest() (0.1s)</pre>
                        </td>
                        <td>Succeeded in 0.06s</td>
                    </tr>
                    <tr>
                        <td>
                            <pre class="log">And Add Parameter</pre>
                        </td>
                        <td>
                            <!-- [TestArrange: Scenario - fChecking Response through restapi] -->
                            <pre class="log">done: CheckingApiResponseSteps.GivenAddParameter() (0.0s)</pre>
                        </td>
                        <td>Succeeded in 0.001s</td>
                    </tr>
                    <tr>
                        <td>
                            <pre class="log">When Get the Response</pre>
                        </td>
                        <td>
                            <!-- [TestAct: Scenario - fChecking Response through restapi] -->
                            <pre class="log">{&quot;id&quot;:4,&quot;token&quot;:&quot;QpwL5tke4Pnpja7X4&quot;}
id : 4
token : QpwL5tke4Pnpja7X4
done: CheckingApiResponseSteps.WhenGetTheResponse() (2.0s)</pre>
                        </td>
                        <td>Succeeded in 1.993s</td>
                    </tr>
                    <tr>
                        <td>
                            <pre class="log">Then Generate the token</pre>
                        </td>
                        <td>
                            <!-- [TestAssert: Scenario - fChecking Response through restapi] -->
                            <pre class="log">done: CheckingApiResponseSteps.ThenGenerateTheToken() (0.0s)</pre>
                        </td>
                        <td>Succeeded in 0.002s</td>
                    </tr>
            </table>
            <a name="t-1736554900.0" />
            <h3>Scenario: gChecking the regestration (in Assignmnet, UnSucessfull Regestration)</h3>
                <div class="description">
                    tags: mytag
                </div>
            <ul>
                <li>Status: Pending</li>
                <li>Start time: 13-06-2019 17:09:19</li>
                <li>Execution time (sec): 0.4368881</li>
                <li>Thread: #0</li>
            </ul>
            <table class="testEvents">
                <tr>
                    <th>Steps</th>
                    <th>Trace</th>
                    <th>Result</th>
                </tr>
                    <tr>
                        <td>
                            <pre class="log">Given We use client and requests</pre>
                        </td>
                        <td>
                            <!-- [TestArrange: Scenario - gChecking the regestration] -->
                            <pre class="log">done: UnSucessfullRegestrationSteps.GivenWeUseClientAndRequests() (0.0s)</pre>
                        </td>
                        <td>Succeeded in 0.004s</td>
                    </tr>
                    <tr>
                        <td>
                            <pre class="log">And Add Parameters</pre>
                        </td>
                        <td>
                            <!-- [TestArrange: Scenario - gChecking the regestration] -->
                            <pre class="log">done: UnSucessfullRegestrationSteps.GivenAddParameters() (0.0s)</pre>
                        </td>
                        <td>Succeeded in 0.002s</td>
                    </tr>
                    <tr>
                        <td>
                            <pre class="log">When Get the Responsed</pre>
                        </td>
                        <td>
                            <!-- [TestAct: Scenario - gChecking the regestration] -->
                            <pre class="log">{&quot;error&quot;:&quot;Missing password&quot;}
id : 0
token : 
done: UnSucessfullRegestrationSteps.WhenGetTheResponsed() (0.4s)</pre>
                        </td>
                        <td>Succeeded in 0.382s</td>
                    </tr>
                    <tr>
                        <td>
                            <pre class="log">Then Generate the tokens</pre>
                        </td>
                        <td>
                            <!-- [TestAssert: Scenario - gChecking the regestration] -->
                            <pre class="log">pending: UnSucessfullRegestrationSteps.ThenGenerateTheTokens()
Pending: One or more step definitions are not implemented yet.
  UnSucessfullRegestrationSteps.ThenGenerateTheTokens()</pre>
                        </td>
                        <td>Pending in 0.024s</td>
                    </tr>
            </table>
            <a name="t1434168891.0" />
            <h3>Scenario: aOpen browser and website (in Assignmnet, Checking the functionality of flight booking at Expedia.com)</h3>
            <ul>
                <li>Status: Succeeded</li>
                <li>Start time: 13-06-2019 17:09:19</li>
                <li>Execution time (sec): 15.9692533</li>
                <li>Thread: #0</li>
            </ul>
            <table class="testEvents">
                <tr>
                    <th>Steps</th>
                    <th>Trace</th>
                    <th>Result</th>
                </tr>
                    <tr>
                        <td>
                            <pre class="log">Given Open the GoogleChrome</pre>
                        </td>
                        <td>
                            <!-- [TestArrange: Scenario - aOpen browser and website] -->
                            <pre class="log">done: CheckingTheFunctionalityOfFlightBookingAtExpedia_ComSteps.GivenOpentheGoogleChrome() (4.4s)</pre>
                        </td>
                        <td>Succeeded in 4.424s</td>
                    </tr>
                    <tr>
                        <td>
                            <pre class="log">Then Open the Expedia Website</pre>
                        </td>
                        <td>
                            <!-- [TestAssert: Scenario - aOpen browser and website] -->
                            <pre class="log">done: CheckingTheFunctionalityOfFlightBookingAtExpedia_ComSteps.ThenOpentheExpediaWebsite() (11.5s)</pre>
                        </td>
                        <td>Succeeded in 11.543s</td>
                    </tr>
            </table>
            <a name="t-338480829.0" />
            <h3>Scenario: bMulticity Round trip (in Assignmnet, Checking the functionality of flight booking at Expedia.com)</h3>
            <ul>
                <li>Status: Succeeded</li>
                <li>Start time: 13-06-2019 17:09:35</li>
                <li>Execution time (sec): 9.0777485</li>
                <li>Thread: #0</li>
            </ul>
            <table class="testEvents">
                <tr>
                    <th>Steps</th>
                    <th>Trace</th>
                    <th>Result</th>
                </tr>
                    <tr>
                        <td>
                            <pre class="log">Then select flight tab</pre>
                        </td>
                        <td>
                            <!-- [TestAssert: Scenario - bMulticity Round trip] -->
                            <pre class="log">done: CheckingTheFunctionalityOfFlightBookingAtExpedia_ComSteps.ThenselectFlightTab() (0.5s)</pre>
                        </td>
                        <td>Succeeded in 0.453s</td>
                    </tr>
                    <tr>
                        <td>
                            <pre class="log">And select MultiCity Option</pre>
                        </td>
                        <td>
                            <!-- [TestAssert: Scenario - bMulticity Round trip] -->
                            <pre class="log">done: CheckingTheFunctionalityOfFlightBookingAtExpedia_ComSteps.ThenselectMultiCityOption() (0.3s)</pre>
                        </td>
                        <td>Succeeded in 0.253s</td>
                    </tr>
                    <tr>
                        <td>
                            <pre class="log">Then enter Source1 and Destination1</pre>
                        </td>
                        <td>
                            <!-- [TestAssert: Scenario - bMulticity Round trip] -->
                            <pre class="log">done: CheckingTheFunctionalityOfFlightBookingAtExpedia_ComSteps.ThenenterSource1andDestination1() (2.1s)</pre>
                        </td>
                        <td>Succeeded in 2.143s</td>
                    </tr>
                    <tr>
                        <td>
                            <pre class="log">And Choose DateOfJourney1 and Choose Number of travelers</pre>
                        </td>
                        <td>
                            <!-- [TestAssert: Scenario - bMulticity Round trip] -->
                            <pre class="log">done: CheckingTheFunctionalityOfFlightBookingAtExpedia_ComSteps.ThenChooseDateOfJourney1AndChooseNumberOftravelers() (1.4s)</pre>
                        </td>
                        <td>Succeeded in 1.427s</td>
                    </tr>
                    <tr>
                        <td>
                            <pre class="log">Then now choose Source2 and Destination2</pre>
                        </td>
                        <td>
                            <!-- [TestAssert: Scenario - bMulticity Round trip] -->
                            <pre class="log">done: CheckingTheFunctionalityOfFlightBookingAtExpedia_ComSteps.ThennowchooseSource2andDestination2() (1.4s)</pre>
                        </td>
                        <td>Succeeded in 1.444s</td>
                    </tr>
                    <tr>
                        <td>
                            <pre class="log">And Choose DateOfJourney2</pre>
                        </td>
                        <td>
                            <!-- [TestAssert: Scenario - bMulticity Round trip] -->
                            <pre class="log">done: CheckingTheFunctionalityOfFlightBookingAtExpedia_ComSteps.ThenChooseDateOfJourney2() (0.6s)</pre>
                        </td>
                        <td>Succeeded in 0.577s</td>
                    </tr>
                    <tr>
                        <td>
                            <pre class="log">Then now choose Source3 and Destination3</pre>
                        </td>
                        <td>
                            <!-- [TestAssert: Scenario - bMulticity Round trip] -->
                            <pre class="log">done: CheckingTheFunctionalityOfFlightBookingAtExpedia_ComSteps.ThennowchooseSource3andDestination3() (2.0s)</pre>
                        </td>
                        <td>Succeeded in 2.043s</td>
                    </tr>
                    <tr>
                        <td>
                            <pre class="log">And Choose DateOfJourney3</pre>
                        </td>
                        <td>
                            <!-- [TestAssert: Scenario - bMulticity Round trip] -->
                            <pre class="log">done: CheckingTheFunctionalityOfFlightBookingAtExpedia_ComSteps.ThenChooseDateOfJourney3() (0.7s)</pre>
                        </td>
                        <td>Succeeded in 0.735s</td>
                    </tr>
            </table>
            <a name="t-880760423.0" />
            <h3>Scenario: cSearching the flights for trip (in Assignmnet, Checking the functionality of flight booking at Expedia.com)</h3>
            <ul>
                <li>Status: Succeeded</li>
                <li>Start time: 13-06-2019 17:09:44</li>
                <li>Execution time (sec): 9.8876079</li>
                <li>Thread: #0</li>
            </ul>
            <table class="testEvents">
                <tr>
                    <th>Steps</th>
                    <th>Trace</th>
                    <th>Result</th>
                </tr>
                    <tr>
                        <td>
                            <pre class="log">Then Click On the Search Button</pre>
                        </td>
                        <td>
                            <!-- [TestAssert: Scenario - cSearching the flights for trip] -->
                            <pre class="log">done: CheckingTheFunctionalityOfFlightBookingAtExpedia_ComSteps.ThenClickOnTheSearchButton() (9.9s)</pre>
                        </td>
                        <td>Succeeded in 9.886s</td>
                    </tr>
            </table>
            <a name="t-1118640963.0" />
            <h3>Scenario: dTrip Summary (in Assignmnet, Checking the functionality of flight booking at Expedia.com)</h3>
            <ul>
                <li>Status: Failed</li>
                <li>Start time: 13-06-2019 17:09:54</li>
                <li>Execution time (sec): 5.0412078</li>
                <li>Thread: #0</li>
                <li>Error: no such element: Unable to locate element: {&quot;method&quot;:&quot;xpath&quot;,&quot;selector&quot;:&quot;/html[1]/body[1]/div[2]/div[7]/section[1]/div[1]/div[10]/ul[1]/li[1]/div[1]/div[1]/div[2]/div[1]/div[1]/div[1]/span[1]&quot;}
  (Session info: chrome=75.0.3770.80)
  (Driver info: chromedriver=74.0.3729.6 (255758eccf3d244491b8a1317aa76e1ce10d57e9-refs/branch-heads/3729@{#29}),platform=Windows NT 10.0.17763 x86_64)</li>
            </ul>
            <table class="testEvents">
                <tr>
                    <th>Steps</th>
                    <th>Trace</th>
                    <th>Result</th>
                </tr>
                    <tr>
                        <td>
                            <pre class="log">When Ensuring correct information of all three flights</pre>
                        </td>
                        <td>
                            <!-- [TestAct: Scenario - dTrip Summary] -->
                            <pre class="log">done: CheckingTheFunctionalityOfFlightBookingAtExpedia_ComSteps.WhenEnsuringCorrectInformationOfAllThreeFlights() (0.0s)</pre>
                        </td>
                        <td>Succeeded in 0.002s</td>
                    </tr>
                    <tr>
                        <td>
                            <pre class="log">Then Ensuring the correct amount per person</pre>
                        </td>
                        <td>
                            <!-- [TestAssert: Scenario - dTrip Summary] -->
                            <pre class="log">error: no such element: Unable to locate element: {&quot;method&quot;:&quot;xpath&quot;,&quot;selector&quot;:&quot;/html[1]/body[1]/div[2]/div[7]/section[1]/div[1]/div[10]/ul[1]/li[1]/div[1]/div[1]/div[2]/div[1]/div[1]/div[1]/span[1]&quot;}
  (Session info: chrome=75.0.3770.80)
  (Driver info: chromedriver=74.0.3729.6 (255758eccf3d244491b8a1317aa76e1ce10d57e9-refs/branch-heads/3729@{#29}),platform=Windows NT 10.0.17763 x86_64)</pre>
                                <div class="errorMessage">no such element: Unable to locate element: {&quot;method&quot;:&quot;xpath&quot;,&quot;selector&quot;:&quot;/html[1]/body[1]/div[2]/div[7]/section[1]/div[1]/div[10]/ul[1]/li[1]/div[1]/div[1]/div[2]/div[1]/div[1]/div[1]/span[1]&quot;}
  (Session info: chrome=75.0.3770.80)
  (Driver info: chromedriver=74.0.3729.6 (255758eccf3d244491b8a1317aa76e1ce10d57e9-refs/branch-heads/3729@{#29}),platform=Windows NT 10.0.17763 x86_64)</div>
                                <pre class="stackTrace">OpenQA.Selenium.NoSuchElementException: no such element: Unable to locate element: {&quot;method&quot;:&quot;xpath&quot;,&quot;selector&quot;:&quot;/html[1]/body[1]/div[2]/div[7]/section[1]/div[1]/div[10]/ul[1]/li[1]/div[1]/div[1]/div[2]/div[1]/div[1]/div[1]/span[1]&quot;}
  (Session info: chrome=75.0.3770.80)
  (Driver info: chromedriver=74.0.3729.6 (255758eccf3d244491b8a1317aa76e1ce10d57e9-refs/branch-heads/3729@{#29}),platform=Windows NT 10.0.17763 x86_64)
   at OpenQA.Selenium.Remote.RemoteWebDriver.UnpackAndThrowOnError(Response errorResponse)
   at OpenQA.Selenium.Remote.RemoteWebDriver.Execute(String driverCommandToExecute, Dictionary`2 parameters)
   at OpenQA.Selenium.Remote.RemoteWebDriver.FindElement(String mechanism, String value)
   at OpenQA.Selenium.Remote.RemoteWebDriver.FindElementByXPath(String xpath)
   at OpenQA.Selenium.By.&lt;&gt;c__DisplayClass19_0.&lt;XPath&gt;b__0(ISearchContext context)
   at OpenQA.Selenium.By.FindElement(ISearchContext context)
   at OpenQA.Selenium.Remote.RemoteWebDriver.FindElement(By by)
   at Assignmnet.StepDefinationFile.CheckingTheFunctionalityOfFlightBookingAtExpedia_ComSteps.ThenEnsuringTheCorrectAmountPerPerson() in C:\Users\akshaygupta\source\repos\RestSharpAndExpedia\Assignmnet\StepDefinationFile\Expedia.cs:line 139
   at lambda_method(Closure , IContextManager )
   at TechTalk.SpecFlow.Bindings.BindingInvoker.InvokeBinding(IBinding binding, IContextManager contextManager, Object[] arguments, ITestTracer testTracer, TimeSpan&amp; duration)
   at TechTalk.SpecFlow.Infrastructure.TestExecutionEngine.ExecuteStepMatch(BindingMatch match, Object[] arguments)
   at TechTalk.SpecRun.SpecFlowPlugin.Runtime.RunnerTestExecutionEngine.ExecuteStepMatch(BindingMatch match, Object[] arguments)
   at TechTalk.SpecFlow.Infrastructure.TestExecutionEngine.ExecuteStep(IContextManager contextManager, StepInstance stepInstance)
   at TechTalk.SpecFlow.Infrastructure.TestExecutionEngine.OnAfterLastStep()
   at TechTalk.SpecFlow.TestRunner.CollectScenarioErrors()
   at Assignmnet.FeatureFile.CheckingTheFunctionalityOfFlightBookingAtExpedia_ComFeature.ScenarioCleanup()
   at Assignmnet.FeatureFile.CheckingTheFunctionalityOfFlightBookingAtExpedia_ComFeature.DTripSummary() in C:\Users\akshaygupta\source\repos\RestSharpAndExpedia\Assignmnet\FeatureFile\Expedia.feature:line 24
   at TechTalk.SpecRun.Framework.TaskExecutors.StaticOrInstanceMethodExecutor.ExecuteInternal(ITestThreadExecutionContext testThreadExecutionContext)
   at TechTalk.SpecRun.Framework.TaskExecutors.StaticOrInstanceMethodExecutor.Execute(ITestThreadExecutionContext testThreadExecutionContext)
   at TechTalk.SpecRun.Framework.TestAssemblyExecutor.ExecuteTestNodeTask(TestNode testNode, ITaskExecutor task, TraceEventType eventType)</pre>
                        </td>
                        <td>Failed in 5.033s</td>
                    </tr>
            </table>
            <a name="t119241433.0" />
            <h3>Scenario: eClosing the Browser (in Assignmnet, Checking the functionality of flight booking at Expedia.com)</h3>
            <ul>
                <li>Status: Skipped</li>
                <li>Start time: 13-06-2019 17:09:59</li>
                <li>Execution time (sec): 0</li>
                <li>Thread: #-1</li>
            </ul>
            <table class="testEvents">
                <tr>
                    <th>Steps</th>
                    <th>Trace</th>
                    <th>Result</th>
                </tr>
            </table>
	</body>
</html>
</a><div style="position: absolute; top:0px; right:10px; z-index: 1000; text-align: right; font-size: small; color: #FF5555">
Generated by an evaluation version of SpecRun.<br />
This version can be used for evaluation purposes only.<br />
For obtaining a registered license please visit <a href="http://www.specflow.org/plus">http://www.specflow.org/plus</a>.
</div>